2021-04-21 00:03:13,856 INFO 15976 [egg-schedule]: register schedule F:\workspace\Linux\abaabaaba\service\node_modules\egg-multipart\app\schedule\clean_tmpdir.js
2021-04-21 00:03:13,856 INFO 15976 [egg-schedule]: register schedule F:\workspace\Linux\abaabaaba\service\node_modules\egg-logrotator\app\schedule\clean_log.js
2021-04-21 00:03:13,856 INFO 15976 [egg-schedule]: register schedule F:\workspace\Linux\abaabaaba\service\node_modules\egg-logrotator\app\schedule\rotate_by_file.js
2021-04-21 00:50:22,248 INFO 19160 [egg-schedule]: register schedule F:\workspace\Linux\abaabaaba\service\node_modules\egg-multipart\app\schedule\clean_tmpdir.js
2021-04-21 00:50:22,248 INFO 19160 [egg-schedule]: register schedule F:\workspace\Linux\abaabaaba\service\node_modules\egg-logrotator\app\schedule\clean_log.js
2021-04-21 00:50:22,248 INFO 19160 [egg-schedule]: register schedule F:\workspace\Linux\abaabaaba\service\node_modules\egg-logrotator\app\schedule\rotate_by_file.js
2021-04-21 00:50:24,928 INFO 16060 [egg-schedule]: register schedule F:\workspace\Linux\abaabaaba\service\node_modules\egg-multipart\app\schedule\clean_tmpdir.js
2021-04-21 00:50:24,928 INFO 16060 [egg-schedule]: register schedule F:\workspace\Linux\abaabaaba\service\node_modules\egg-logrotator\app\schedule\clean_log.js
2021-04-21 00:50:24,928 INFO 16060 [egg-schedule]: register schedule F:\workspace\Linux\abaabaaba\service\node_modules\egg-logrotator\app\schedule\rotate_by_file.js
2021-04-21 00:50:53,868 INFO 24556 [egg-schedule]: register schedule F:\workspace\Linux\abaabaaba\service\node_modules\egg-multipart\app\schedule\clean_tmpdir.js
2021-04-21 00:50:53,868 INFO 24556 [egg-schedule]: register schedule F:\workspace\Linux\abaabaaba\service\node_modules\egg-logrotator\app\schedule\clean_log.js
2021-04-21 00:50:53,868 INFO 24556 [egg-schedule]: register schedule F:\workspace\Linux\abaabaaba\service\node_modules\egg-logrotator\app\schedule\rotate_by_file.js
2021-04-21 00:54:52,368 INFO 18812 [egg-schedule]: register schedule F:\workspace\Linux\abaabaaba\service\node_modules\egg-multipart\app\schedule\clean_tmpdir.js
2021-04-21 00:54:52,368 INFO 18812 [egg-schedule]: register schedule F:\workspace\Linux\abaabaaba\service\node_modules\egg-logrotator\app\schedule\clean_log.js
2021-04-21 00:54:52,368 INFO 18812 [egg-schedule]: register schedule F:\workspace\Linux\abaabaaba\service\node_modules\egg-logrotator\app\schedule\rotate_by_file.js
2021-04-21 00:55:51,666 INFO 20308 [egg-schedule]: register schedule F:\workspace\Linux\abaabaaba\service\node_modules\egg-multipart\app\schedule\clean_tmpdir.js
2021-04-21 00:55:51,666 INFO 20308 [egg-schedule]: register schedule F:\workspace\Linux\abaabaaba\service\node_modules\egg-logrotator\app\schedule\clean_log.js
2021-04-21 00:55:51,666 INFO 20308 [egg-schedule]: register schedule F:\workspace\Linux\abaabaaba\service\node_modules\egg-logrotator\app\schedule\rotate_by_file.js
2021-04-21 00:57:45,072 INFO 21528 [egg-schedule]: register schedule F:\workspace\Linux\abaabaaba\service\node_modules\egg-multipart\app\schedule\clean_tmpdir.js
2021-04-21 00:57:45,072 INFO 21528 [egg-schedule]: register schedule F:\workspace\Linux\abaabaaba\service\node_modules\egg-logrotator\app\schedule\clean_log.js
2021-04-21 00:57:45,072 INFO 21528 [egg-schedule]: register schedule F:\workspace\Linux\abaabaaba\service\node_modules\egg-logrotator\app\schedule\rotate_by_file.js
2021-04-21 00:59:55,286 INFO 16636 [egg-schedule]: register schedule F:\workspace\Linux\abaabaaba\service\node_modules\egg-multipart\app\schedule\clean_tmpdir.js
2021-04-21 00:59:55,286 INFO 16636 [egg-schedule]: register schedule F:\workspace\Linux\abaabaaba\service\node_modules\egg-logrotator\app\schedule\clean_log.js
2021-04-21 00:59:55,286 INFO 16636 [egg-schedule]: register schedule F:\workspace\Linux\abaabaaba\service\node_modules\egg-logrotator\app\schedule\rotate_by_file.js
2021-04-21 01:01:00,341 INFO 21908 [egg-schedule]: register schedule F:\workspace\Linux\abaabaaba\service\node_modules\egg-multipart\app\schedule\clean_tmpdir.js
2021-04-21 01:01:00,341 INFO 21908 [egg-schedule]: register schedule F:\workspace\Linux\abaabaaba\service\node_modules\egg-logrotator\app\schedule\clean_log.js
2021-04-21 01:01:00,341 INFO 21908 [egg-schedule]: register schedule F:\workspace\Linux\abaabaaba\service\node_modules\egg-logrotator\app\schedule\rotate_by_file.js
2021-04-21 01:01:36,778 INFO 12824 [egg-schedule]: register schedule F:\workspace\Linux\abaabaaba\service\node_modules\egg-multipart\app\schedule\clean_tmpdir.js
2021-04-21 01:01:36,778 INFO 12824 [egg-schedule]: register schedule F:\workspace\Linux\abaabaaba\service\node_modules\egg-logrotator\app\schedule\clean_log.js
2021-04-21 01:01:36,778 INFO 12824 [egg-schedule]: register schedule F:\workspace\Linux\abaabaaba\service\node_modules\egg-logrotator\app\schedule\rotate_by_file.js
2021-04-21 01:11:00,585 INFO 9776 [egg-schedule]: register schedule F:\workspace\Linux\abaabaaba\service\node_modules\egg-multipart\app\schedule\clean_tmpdir.js
2021-04-21 01:11:00,585 INFO 9776 [egg-schedule]: register schedule F:\workspace\Linux\abaabaaba\service\node_modules\egg-logrotator\app\schedule\clean_log.js
2021-04-21 01:11:00,585 INFO 9776 [egg-schedule]: register schedule F:\workspace\Linux\abaabaaba\service\node_modules\egg-logrotator\app\schedule\rotate_by_file.js
2021-04-21 01:12:48,155 INFO 9256 [egg-schedule]: register schedule F:\workspace\Linux\abaabaaba\service\node_modules\egg-multipart\app\schedule\clean_tmpdir.js
2021-04-21 01:12:48,155 INFO 9256 [egg-schedule]: register schedule F:\workspace\Linux\abaabaaba\service\node_modules\egg-logrotator\app\schedule\clean_log.js
2021-04-21 01:12:48,155 INFO 9256 [egg-schedule]: register schedule F:\workspace\Linux\abaabaaba\service\node_modules\egg-logrotator\app\schedule\rotate_by_file.js
2021-04-21 09:13:16,208 INFO 10696 [egg-schedule]: register schedule F:\workspace\Linux\abaabaaba\service\node_modules\egg-multipart\app\schedule\clean_tmpdir.js
2021-04-21 09:13:16,208 INFO 10696 [egg-schedule]: register schedule F:\workspace\Linux\abaabaaba\service\node_modules\egg-logrotator\app\schedule\clean_log.js
2021-04-21 09:13:16,208 INFO 10696 [egg-schedule]: register schedule F:\workspace\Linux\abaabaaba\service\node_modules\egg-logrotator\app\schedule\rotate_by_file.js
2021-04-21 09:13:29,111 INFO 17452 [Timer] F:\workspace\Linux\abaabaaba\service\node_modules\egg-multipart\app\schedule\clean_tmpdir.js next time will execute after 69391088ms at 2021-04-22 04:30:00.199
2021-04-21 09:13:29,111 INFO 17452 [Timer] F:\workspace\Linux\abaabaaba\service\node_modules\egg-logrotator\app\schedule\clean_log.js next time will execute after 53190889ms at 2021-04-22 00:00:00.000
2021-04-21 09:13:29,112 INFO 17452 [Timer] F:\workspace\Linux\abaabaaba\service\node_modules\egg-logrotator\app\schedule\rotate_by_file.js next time will execute after 53191889ms at 2021-04-22 00:00:01.001
2021-04-21 09:33:01,934 INFO 14688 [egg-schedule]: register schedule F:\workspace\Linux\abaabaaba\service\node_modules\egg-multipart\app\schedule\clean_tmpdir.js
2021-04-21 09:33:01,934 INFO 14688 [egg-schedule]: register schedule F:\workspace\Linux\abaabaaba\service\node_modules\egg-logrotator\app\schedule\clean_log.js
2021-04-21 09:33:01,934 INFO 14688 [egg-schedule]: register schedule F:\workspace\Linux\abaabaaba\service\node_modules\egg-logrotator\app\schedule\rotate_by_file.js
2021-04-21 09:54:24,584 INFO 8784 [egg-schedule]: register schedule F:\workspace\Linux\abaabaaba\service\node_modules\egg-multipart\app\schedule\clean_tmpdir.js
2021-04-21 09:54:24,584 INFO 8784 [egg-schedule]: register schedule F:\workspace\Linux\abaabaaba\service\node_modules\egg-logrotator\app\schedule\clean_log.js
2021-04-21 09:54:24,584 INFO 8784 [egg-schedule]: register schedule F:\workspace\Linux\abaabaaba\service\node_modules\egg-logrotator\app\schedule\rotate_by_file.js
2021-04-21 09:58:13,015 INFO 3060 [egg-schedule]: register schedule F:\workspace\Linux\abaabaaba\service\node_modules\egg-multipart\app\schedule\clean_tmpdir.js
2021-04-21 09:58:13,015 INFO 3060 [egg-schedule]: register schedule F:\workspace\Linux\abaabaaba\service\node_modules\egg-logrotator\app\schedule\clean_log.js
2021-04-21 09:58:13,015 INFO 3060 [egg-schedule]: register schedule F:\workspace\Linux\abaabaaba\service\node_modules\egg-logrotator\app\schedule\rotate_by_file.js
2021-04-21 10:00:07,704 INFO 16644 [egg-schedule]: register schedule F:\workspace\Linux\abaabaaba\service\node_modules\egg-multipart\app\schedule\clean_tmpdir.js
2021-04-21 10:00:07,704 INFO 16644 [egg-schedule]: register schedule F:\workspace\Linux\abaabaaba\service\node_modules\egg-logrotator\app\schedule\clean_log.js
2021-04-21 10:00:07,704 INFO 16644 [egg-schedule]: register schedule F:\workspace\Linux\abaabaaba\service\node_modules\egg-logrotator\app\schedule\rotate_by_file.js
2021-04-21 10:46:46,665 INFO 14084 [egg-schedule]: register schedule F:\workspace\Linux\abaabaaba\service\node_modules\egg-multipart\app\schedule\clean_tmpdir.js
2021-04-21 10:46:46,666 INFO 14084 [egg-schedule]: register schedule F:\workspace\Linux\abaabaaba\service\node_modules\egg-logrotator\app\schedule\clean_log.js
2021-04-21 10:46:46,666 INFO 14084 [egg-schedule]: register schedule F:\workspace\Linux\abaabaaba\service\node_modules\egg-logrotator\app\schedule\rotate_by_file.js
2021-04-21 11:00:27,071 INFO 8604 [egg-schedule]: register schedule F:\workspace\Linux\abaabaaba\service\node_modules\egg-multipart\app\schedule\clean_tmpdir.js
2021-04-21 11:00:27,071 INFO 8604 [egg-schedule]: register schedule F:\workspace\Linux\abaabaaba\service\node_modules\egg-logrotator\app\schedule\clean_log.js
2021-04-21 11:00:27,071 INFO 8604 [egg-schedule]: register schedule F:\workspace\Linux\abaabaaba\service\node_modules\egg-logrotator\app\schedule\rotate_by_file.js
2021-04-21 16:06:01,513 INFO 21216 [egg-schedule]: register schedule F:\workspace\Linux\abaabaaba\service\node_modules\egg-multipart\app\schedule\clean_tmpdir.js
2021-04-21 16:06:01,513 INFO 21216 [egg-schedule]: register schedule F:\workspace\Linux\abaabaaba\service\node_modules\egg-logrotator\app\schedule\clean_log.js
2021-04-21 16:06:01,513 INFO 21216 [egg-schedule]: register schedule F:\workspace\Linux\abaabaaba\service\node_modules\egg-logrotator\app\schedule\rotate_by_file.js
2021-04-21 16:06:03,116 INFO 11540 [egg-schedule]: register schedule F:\workspace\Linux\abaabaaba\service\node_modules\egg-multipart\app\schedule\clean_tmpdir.js
2021-04-21 16:06:03,116 INFO 11540 [egg-schedule]: register schedule F:\workspace\Linux\abaabaaba\service\node_modules\egg-logrotator\app\schedule\clean_log.js
2021-04-21 16:06:03,116 INFO 11540 [egg-schedule]: register schedule F:\workspace\Linux\abaabaaba\service\node_modules\egg-logrotator\app\schedule\rotate_by_file.js
2021-04-21 16:08:38,447 INFO 15684 [egg-schedule]: register schedule F:\workspace\Linux\abaabaaba\service\node_modules\egg-multipart\app\schedule\clean_tmpdir.js
2021-04-21 16:08:38,447 INFO 15684 [egg-schedule]: register schedule F:\workspace\Linux\abaabaaba\service\node_modules\egg-logrotator\app\schedule\clean_log.js
2021-04-21 16:08:38,447 INFO 15684 [egg-schedule]: register schedule F:\workspace\Linux\abaabaaba\service\node_modules\egg-logrotator\app\schedule\rotate_by_file.js
2021-04-21 16:08:39,775 INFO 21136 [egg-schedule]: register schedule F:\workspace\Linux\abaabaaba\service\node_modules\egg-multipart\app\schedule\clean_tmpdir.js
2021-04-21 16:08:39,775 INFO 21136 [egg-schedule]: register schedule F:\workspace\Linux\abaabaaba\service\node_modules\egg-logrotator\app\schedule\clean_log.js
2021-04-21 16:08:39,775 INFO 21136 [egg-schedule]: register schedule F:\workspace\Linux\abaabaaba\service\node_modules\egg-logrotator\app\schedule\rotate_by_file.js
2021-04-21 16:24:24,735 INFO 20936 [egg-schedule]: register schedule F:\workspace\Linux\abaabaaba\service\node_modules\egg-multipart\app\schedule\clean_tmpdir.js
2021-04-21 16:24:24,735 INFO 20936 [egg-schedule]: register schedule F:\workspace\Linux\abaabaaba\service\node_modules\egg-logrotator\app\schedule\clean_log.js
2021-04-21 16:24:24,735 INFO 20936 [egg-schedule]: register schedule F:\workspace\Linux\abaabaaba\service\node_modules\egg-logrotator\app\schedule\rotate_by_file.js
2021-04-21 16:41:36,852 INFO 20428 [egg-schedule]: register schedule F:\workspace\Linux\abaabaaba\service\node_modules\egg-multipart\app\schedule\clean_tmpdir.js
2021-04-21 16:41:36,852 INFO 20428 [egg-schedule]: register schedule F:\workspace\Linux\abaabaaba\service\node_modules\egg-logrotator\app\schedule\clean_log.js
2021-04-21 16:41:36,852 INFO 20428 [egg-schedule]: register schedule F:\workspace\Linux\abaabaaba\service\node_modules\egg-logrotator\app\schedule\rotate_by_file.js
2021-04-21 18:25:35,300 INFO 21032 [egg-schedule]: register schedule F:\workspace\Linux\abaabaaba\service\node_modules\egg-multipart\app\schedule\clean_tmpdir.js
2021-04-21 18:25:35,300 INFO 21032 [egg-schedule]: register schedule F:\workspace\Linux\abaabaaba\service\node_modules\egg-logrotator\app\schedule\clean_log.js
2021-04-21 18:25:35,300 INFO 21032 [egg-schedule]: register schedule F:\workspace\Linux\abaabaaba\service\node_modules\egg-logrotator\app\schedule\rotate_by_file.js
2021-04-21 18:25:36,743 INFO 4596 [Timer] F:\workspace\Linux\abaabaaba\service\node_modules\egg-multipart\app\schedule\clean_tmpdir.js next time will execute after 36263259ms at 2021-04-22 04:30:00.002
2021-04-21 18:25:36,744 INFO 4596 [Timer] F:\workspace\Linux\abaabaaba\service\node_modules\egg-logrotator\app\schedule\clean_log.js next time will execute after 20063257ms at 2021-04-22 00:00:00.001
2021-04-21 18:25:36,744 INFO 4596 [Timer] F:\workspace\Linux\abaabaaba\service\node_modules\egg-logrotator\app\schedule\rotate_by_file.js next time will execute after 20064256ms at 2021-04-22 00:00:01.000
2021-04-21 19:11:05,940 INFO 20652 [egg-schedule]: register schedule F:\workspace\Linux\abaabaaba\service\node_modules\egg-multipart\app\schedule\clean_tmpdir.js
2021-04-21 19:11:05,940 INFO 20652 [egg-schedule]: register schedule F:\workspace\Linux\abaabaaba\service\node_modules\egg-logrotator\app\schedule\clean_log.js
2021-04-21 19:11:05,940 INFO 20652 [egg-schedule]: register schedule F:\workspace\Linux\abaabaaba\service\node_modules\egg-logrotator\app\schedule\rotate_by_file.js
2021-04-21 19:11:06,112 INFO 20388 [Timer] F:\workspace\Linux\abaabaaba\service\node_modules\egg-multipart\app\schedule\clean_tmpdir.js next time will execute after 33533890ms at 2021-04-22 04:30:00.002
2021-04-21 19:11:06,112 INFO 20388 [Timer] F:\workspace\Linux\abaabaaba\service\node_modules\egg-logrotator\app\schedule\clean_log.js next time will execute after 17333888ms at 2021-04-22 00:00:00.000
2021-04-21 19:11:06,113 INFO 20388 [Timer] F:\workspace\Linux\abaabaaba\service\node_modules\egg-logrotator\app\schedule\rotate_by_file.js next time will execute after 17334888ms at 2021-04-22 00:00:01.001
2021-04-21 20:26:50,595 INFO 13456 [egg-schedule]: register schedule F:\workspace\Linux\abaabaaba\service\node_modules\egg-multipart\app\schedule\clean_tmpdir.js
2021-04-21 20:26:50,595 INFO 13456 [egg-schedule]: register schedule F:\workspace\Linux\abaabaaba\service\node_modules\egg-logrotator\app\schedule\clean_log.js
2021-04-21 20:26:50,595 INFO 13456 [egg-schedule]: register schedule F:\workspace\Linux\abaabaaba\service\node_modules\egg-logrotator\app\schedule\rotate_by_file.js
2021-04-21 20:28:37,935 INFO 11680 [egg-schedule]: register schedule F:\workspace\Linux\abaabaaba\service\node_modules\egg-multipart\app\schedule\clean_tmpdir.js
2021-04-21 20:28:37,935 INFO 11680 [egg-schedule]: register schedule F:\workspace\Linux\abaabaaba\service\node_modules\egg-logrotator\app\schedule\clean_log.js
2021-04-21 20:28:37,935 INFO 11680 [egg-schedule]: register schedule F:\workspace\Linux\abaabaaba\service\node_modules\egg-logrotator\app\schedule\rotate_by_file.js
2021-04-21 23:41:14,520 INFO 16536 [egg-schedule]: register schedule F:\workspace\Linux\abaabaaba\service\node_modules\egg-multipart\app\schedule\clean_tmpdir.js
2021-04-21 23:41:14,520 INFO 16536 [egg-schedule]: register schedule F:\workspace\Linux\abaabaaba\service\node_modules\egg-logrotator\app\schedule\clean_log.js
2021-04-21 23:41:14,520 INFO 16536 [egg-schedule]: register schedule F:\workspace\Linux\abaabaaba\service\node_modules\egg-logrotator\app\schedule\rotate_by_file.js
2021-04-21 23:53:45,258 INFO 11700 [egg-schedule]: register schedule F:\workspace\Linux\abaabaaba\service\node_modules\egg-multipart\app\schedule\clean_tmpdir.js
2021-04-21 23:53:45,258 INFO 11700 [egg-schedule]: register schedule F:\workspace\Linux\abaabaaba\service\node_modules\egg-logrotator\app\schedule\clean_log.js
2021-04-21 23:53:45,258 INFO 11700 [egg-schedule]: register schedule F:\workspace\Linux\abaabaaba\service\node_modules\egg-logrotator\app\schedule\rotate_by_file.js
2021-04-22 00:00:00,026 INFO 20388 [Timer] F:\workspace\Linux\abaabaaba\service\node_modules\egg-logrotator\app\schedule\clean_log.js next time will execute after 86399982ms at 2021-04-23 00:00:00.008
2021-04-22 00:00:01,003 INFO 20388 [Timer] F:\workspace\Linux\abaabaaba\service\node_modules\egg-logrotator\app\schedule\rotate_by_file.js next time will execute after 86400002ms at 2021-04-23 00:00:01.005
2021-04-22 00:31:46,595 INFO 12576 [egg-schedule]: register schedule F:\workspace\Linux\abaabaaba\service\node_modules\egg-multipart\app\schedule\clean_tmpdir.js
2021-04-22 00:31:46,595 INFO 12576 [egg-schedule]: register schedule F:\workspace\Linux\abaabaaba\service\node_modules\egg-logrotator\app\schedule\clean_log.js
2021-04-22 00:31:46,595 INFO 12576 [egg-schedule]: register schedule F:\workspace\Linux\abaabaaba\service\node_modules\egg-logrotator\app\schedule\rotate_by_file.js
2021-04-22 00:31:46,773 INFO 16024 [Timer] F:\workspace\Linux\abaabaaba\service\node_modules\egg-multipart\app\schedule\clean_tmpdir.js next time will execute after 14293229ms at 2021-04-22 04:30:00.002
2021-04-22 00:31:46,774 INFO 16024 [Timer] F:\workspace\Linux\abaabaaba\service\node_modules\egg-logrotator\app\schedule\clean_log.js next time will execute after 84493227ms at 2021-04-23 00:00:00.001
2021-04-22 00:31:46,774 INFO 16024 [Timer] F:\workspace\Linux\abaabaaba\service\node_modules\egg-logrotator\app\schedule\rotate_by_file.js next time will execute after 84494226ms at 2021-04-23 00:00:01.000
2021-04-22 00:33:14,134 INFO 19024 [egg-schedule]: register schedule F:\workspace\Linux\abaabaaba\service\node_modules\egg-multipart\app\schedule\clean_tmpdir.js
2021-04-22 00:33:14,134 INFO 19024 [egg-schedule]: register schedule F:\workspace\Linux\abaabaaba\service\node_modules\egg-logrotator\app\schedule\clean_log.js
2021-04-22 00:33:14,134 INFO 19024 [egg-schedule]: register schedule F:\workspace\Linux\abaabaaba\service\node_modules\egg-logrotator\app\schedule\rotate_by_file.js
2021-04-22 01:05:17,240 INFO 21220 [egg-schedule]: register schedule F:\workspace\Linux\abaabaaba\service\node_modules\egg-multipart\app\schedule\clean_tmpdir.js
2021-04-22 01:05:17,240 INFO 21220 [egg-schedule]: register schedule F:\workspace\Linux\abaabaaba\service\node_modules\egg-logrotator\app\schedule\clean_log.js
2021-04-22 01:05:17,240 INFO 21220 [egg-schedule]: register schedule F:\workspace\Linux\abaabaaba\service\node_modules\egg-logrotator\app\schedule\rotate_by_file.js
2021-04-22 01:05:52,198 INFO 5356 [egg-schedule]: register schedule F:\workspace\Linux\abaabaaba\service\node_modules\egg-multipart\app\schedule\clean_tmpdir.js
2021-04-22 01:05:52,198 INFO 5356 [egg-schedule]: register schedule F:\workspace\Linux\abaabaaba\service\node_modules\egg-logrotator\app\schedule\clean_log.js
2021-04-22 01:05:52,198 INFO 5356 [egg-schedule]: register schedule F:\workspace\Linux\abaabaaba\service\node_modules\egg-logrotator\app\schedule\rotate_by_file.js
2021-04-22 01:20:49,848 INFO 16568 [egg-schedule]: register schedule F:\workspace\Linux\abaabaaba\service\node_modules\egg-multipart\app\schedule\clean_tmpdir.js
2021-04-22 01:20:49,848 INFO 16568 [egg-schedule]: register schedule F:\workspace\Linux\abaabaaba\service\node_modules\egg-logrotator\app\schedule\clean_log.js
2021-04-22 01:20:49,848 INFO 16568 [egg-schedule]: register schedule F:\workspace\Linux\abaabaaba\service\node_modules\egg-logrotator\app\schedule\rotate_by_file.js
2021-04-22 01:21:06,548 INFO 21024 [egg-schedule]: register schedule F:\workspace\Linux\abaabaaba\service\node_modules\egg-multipart\app\schedule\clean_tmpdir.js
2021-04-22 01:21:06,548 INFO 21024 [egg-schedule]: register schedule F:\workspace\Linux\abaabaaba\service\node_modules\egg-logrotator\app\schedule\clean_log.js
2021-04-22 01:21:06,548 INFO 21024 [egg-schedule]: register schedule F:\workspace\Linux\abaabaaba\service\node_modules\egg-logrotator\app\schedule\rotate_by_file.js
2021-04-22 01:21:08,380 INFO 16064 [egg-schedule]: register schedule F:\workspace\Linux\abaabaaba\service\node_modules\egg-multipart\app\schedule\clean_tmpdir.js
2021-04-22 01:21:08,380 INFO 16064 [egg-schedule]: register schedule F:\workspace\Linux\abaabaaba\service\node_modules\egg-logrotator\app\schedule\clean_log.js
2021-04-22 01:21:08,380 INFO 16064 [egg-schedule]: register schedule F:\workspace\Linux\abaabaaba\service\node_modules\egg-logrotator\app\schedule\rotate_by_file.js
2021-04-22 01:21:09,596 INFO 19044 [egg-schedule]: register schedule F:\workspace\Linux\abaabaaba\service\node_modules\egg-multipart\app\schedule\clean_tmpdir.js
2021-04-22 01:21:09,596 INFO 19044 [egg-schedule]: register schedule F:\workspace\Linux\abaabaaba\service\node_modules\egg-logrotator\app\schedule\clean_log.js
2021-04-22 01:21:09,596 INFO 19044 [egg-schedule]: register schedule F:\workspace\Linux\abaabaaba\service\node_modules\egg-logrotator\app\schedule\rotate_by_file.js
2021-04-22 01:21:14,101 INFO 5704 [egg-schedule]: register schedule F:\workspace\Linux\abaabaaba\service\node_modules\egg-multipart\app\schedule\clean_tmpdir.js
2021-04-22 01:21:14,101 INFO 5704 [egg-schedule]: register schedule F:\workspace\Linux\abaabaaba\service\node_modules\egg-logrotator\app\schedule\clean_log.js
2021-04-22 01:21:14,101 INFO 5704 [egg-schedule]: register schedule F:\workspace\Linux\abaabaaba\service\node_modules\egg-logrotator\app\schedule\rotate_by_file.js
2021-04-22 01:26:34,883 INFO 5180 [egg-schedule]: register schedule F:\workspace\Linux\abaabaaba\service\node_modules\egg-multipart\app\schedule\clean_tmpdir.js
2021-04-22 01:26:34,883 INFO 5180 [egg-schedule]: register schedule F:\workspace\Linux\abaabaaba\service\node_modules\egg-logrotator\app\schedule\clean_log.js
2021-04-22 01:26:34,883 INFO 5180 [egg-schedule]: register schedule F:\workspace\Linux\abaabaaba\service\node_modules\egg-logrotator\app\schedule\rotate_by_file.js
2021-04-22 01:27:07,543 INFO 6528 [egg-schedule]: register schedule F:\workspace\Linux\abaabaaba\service\node_modules\egg-multipart\app\schedule\clean_tmpdir.js
2021-04-22 01:27:07,543 INFO 6528 [egg-schedule]: register schedule F:\workspace\Linux\abaabaaba\service\node_modules\egg-logrotator\app\schedule\clean_log.js
2021-04-22 01:27:07,543 INFO 6528 [egg-schedule]: register schedule F:\workspace\Linux\abaabaaba\service\node_modules\egg-logrotator\app\schedule\rotate_by_file.js
2021-04-22 10:53:46,518 INFO 16024 [Timer] F:\workspace\Linux\abaabaaba\service\node_modules\egg-multipart\app\schedule\clean_tmpdir.js next time will execute after 63373492ms at 2021-04-23 04:30:00.010
2021-04-22 10:53:47,815 INFO 6528 [Job#1619060026505931825990720001] F:\workspace\Linux\abaabaaba\service\node_modules\egg-multipart\app\schedule\clean_tmpdir.js executing by app
2021-04-22 10:53:48,118 INFO 6528 [Job#1619060026505931825990720001] F:\workspace\Linux\abaabaaba\service\node_modules\egg-multipart\app\schedule\clean_tmpdir.js execute succeed, used 301ms. 
2021-04-22 12:02:01,995 INFO 364 [egg-schedule]: register schedule F:\workspace\Linux\abaabaaba\service\node_modules\egg-multipart\app\schedule\clean_tmpdir.js
2021-04-22 12:02:01,995 INFO 364 [egg-schedule]: register schedule F:\workspace\Linux\abaabaaba\service\node_modules\egg-logrotator\app\schedule\clean_log.js
2021-04-22 12:02:01,995 INFO 364 [egg-schedule]: register schedule F:\workspace\Linux\abaabaaba\service\node_modules\egg-logrotator\app\schedule\rotate_by_file.js
2021-04-22 12:02:46,566 INFO 18980 [egg-schedule]: register schedule F:\workspace\Linux\abaabaaba\service\node_modules\egg-multipart\app\schedule\clean_tmpdir.js
2021-04-22 12:02:46,566 INFO 18980 [egg-schedule]: register schedule F:\workspace\Linux\abaabaaba\service\node_modules\egg-logrotator\app\schedule\clean_log.js
2021-04-22 12:02:46,566 INFO 18980 [egg-schedule]: register schedule F:\workspace\Linux\abaabaaba\service\node_modules\egg-logrotator\app\schedule\rotate_by_file.js
2021-04-22 16:09:00,115 INFO 492 [egg-schedule]: register schedule F:\workspace\Linux\abaabaaba\service\node_modules\egg-multipart\app\schedule\clean_tmpdir.js
2021-04-22 16:09:00,115 INFO 492 [egg-schedule]: register schedule F:\workspace\Linux\abaabaaba\service\node_modules\egg-logrotator\app\schedule\clean_log.js
2021-04-22 16:09:00,115 INFO 492 [egg-schedule]: register schedule F:\workspace\Linux\abaabaaba\service\node_modules\egg-logrotator\app\schedule\rotate_by_file.js
2021-04-22 16:09:02,674 INFO 9256 [Timer] F:\workspace\Linux\abaabaaba\service\node_modules\egg-multipart\app\schedule\clean_tmpdir.js next time will execute after 44457328ms at 2021-04-23 04:30:00.002
2021-04-22 16:09:02,674 INFO 9256 [Timer] F:\workspace\Linux\abaabaaba\service\node_modules\egg-logrotator\app\schedule\clean_log.js next time will execute after 28257326ms at 2021-04-23 00:00:00.000
2021-04-22 16:09:02,674 INFO 9256 [Timer] F:\workspace\Linux\abaabaaba\service\node_modules\egg-logrotator\app\schedule\rotate_by_file.js next time will execute after 28258326ms at 2021-04-23 00:00:01.000
2021-04-22 17:59:53,228 INFO 12268 [egg-schedule]: register schedule F:\workspace\Linux\abaabaaba\service\node_modules\egg-multipart\app\schedule\clean_tmpdir.js
2021-04-22 17:59:53,228 INFO 12268 [egg-schedule]: register schedule F:\workspace\Linux\abaabaaba\service\node_modules\egg-logrotator\app\schedule\clean_log.js
2021-04-22 17:59:53,228 INFO 12268 [egg-schedule]: register schedule F:\workspace\Linux\abaabaaba\service\node_modules\egg-logrotator\app\schedule\rotate_by_file.js
2021-04-22 18:09:16,059 INFO 12716 [egg-schedule]: register schedule F:\workspace\Linux\abaabaaba\service\node_modules\egg-multipart\app\schedule\clean_tmpdir.js
2021-04-22 18:09:16,059 INFO 12716 [egg-schedule]: register schedule F:\workspace\Linux\abaabaaba\service\node_modules\egg-logrotator\app\schedule\clean_log.js
2021-04-22 18:09:16,059 INFO 12716 [egg-schedule]: register schedule F:\workspace\Linux\abaabaaba\service\node_modules\egg-logrotator\app\schedule\rotate_by_file.js
2021-04-22 18:09:32,731 INFO 11212 [egg-schedule]: register schedule F:\workspace\Linux\abaabaaba\service\node_modules\egg-multipart\app\schedule\clean_tmpdir.js
2021-04-22 18:09:32,731 INFO 11212 [egg-schedule]: register schedule F:\workspace\Linux\abaabaaba\service\node_modules\egg-logrotator\app\schedule\clean_log.js
2021-04-22 18:09:32,731 INFO 11212 [egg-schedule]: register schedule F:\workspace\Linux\abaabaaba\service\node_modules\egg-logrotator\app\schedule\rotate_by_file.js
2021-04-22 18:14:13,892 INFO 4228 [egg-schedule]: register schedule F:\workspace\Linux\abaabaaba\service\node_modules\egg-multipart\app\schedule\clean_tmpdir.js
2021-04-22 18:14:13,892 INFO 4228 [egg-schedule]: register schedule F:\workspace\Linux\abaabaaba\service\node_modules\egg-logrotator\app\schedule\clean_log.js
2021-04-22 18:14:13,892 INFO 4228 [egg-schedule]: register schedule F:\workspace\Linux\abaabaaba\service\node_modules\egg-logrotator\app\schedule\rotate_by_file.js
2021-04-22 18:33:05,270 INFO 4772 [egg-schedule]: register schedule F:\workspace\Linux\abaabaaba\service\node_modules\egg-multipart\app\schedule\clean_tmpdir.js
2021-04-22 18:33:05,270 INFO 4772 [egg-schedule]: register schedule F:\workspace\Linux\abaabaaba\service\node_modules\egg-logrotator\app\schedule\clean_log.js
2021-04-22 18:33:05,270 INFO 4772 [egg-schedule]: register schedule F:\workspace\Linux\abaabaaba\service\node_modules\egg-logrotator\app\schedule\rotate_by_file.js
2021-04-22 18:34:03,625 INFO 11508 [egg-schedule]: register schedule F:\workspace\Linux\abaabaaba\service\node_modules\egg-multipart\app\schedule\clean_tmpdir.js
2021-04-22 18:34:03,625 INFO 11508 [egg-schedule]: register schedule F:\workspace\Linux\abaabaaba\service\node_modules\egg-logrotator\app\schedule\clean_log.js
2021-04-22 18:34:03,625 INFO 11508 [egg-schedule]: register schedule F:\workspace\Linux\abaabaaba\service\node_modules\egg-logrotator\app\schedule\rotate_by_file.js
2021-04-22 18:34:07,619 INFO 21496 [egg-schedule]: register schedule F:\workspace\Linux\abaabaaba\service\node_modules\egg-multipart\app\schedule\clean_tmpdir.js
2021-04-22 18:34:07,619 INFO 21496 [egg-schedule]: register schedule F:\workspace\Linux\abaabaaba\service\node_modules\egg-logrotator\app\schedule\clean_log.js
2021-04-22 18:34:07,619 INFO 21496 [egg-schedule]: register schedule F:\workspace\Linux\abaabaaba\service\node_modules\egg-logrotator\app\schedule\rotate_by_file.js
2021-04-22 18:34:26,802 INFO 8616 [egg-schedule]: register schedule F:\workspace\Linux\abaabaaba\service\node_modules\egg-multipart\app\schedule\clean_tmpdir.js
2021-04-22 18:34:26,802 INFO 8616 [egg-schedule]: register schedule F:\workspace\Linux\abaabaaba\service\node_modules\egg-logrotator\app\schedule\clean_log.js
2021-04-22 18:34:26,802 INFO 8616 [egg-schedule]: register schedule F:\workspace\Linux\abaabaaba\service\node_modules\egg-logrotator\app\schedule\rotate_by_file.js
2021-04-22 18:34:46,602 INFO 19576 [egg-schedule]: register schedule F:\workspace\Linux\abaabaaba\service\node_modules\egg-multipart\app\schedule\clean_tmpdir.js
2021-04-22 18:34:46,602 INFO 19576 [egg-schedule]: register schedule F:\workspace\Linux\abaabaaba\service\node_modules\egg-logrotator\app\schedule\clean_log.js
2021-04-22 18:34:46,602 INFO 19576 [egg-schedule]: register schedule F:\workspace\Linux\abaabaaba\service\node_modules\egg-logrotator\app\schedule\rotate_by_file.js
2021-04-22 18:34:48,508 INFO 13568 [egg-schedule]: register schedule F:\workspace\Linux\abaabaaba\service\node_modules\egg-multipart\app\schedule\clean_tmpdir.js
2021-04-22 18:34:48,508 INFO 13568 [egg-schedule]: register schedule F:\workspace\Linux\abaabaaba\service\node_modules\egg-logrotator\app\schedule\clean_log.js
2021-04-22 18:34:48,508 INFO 13568 [egg-schedule]: register schedule F:\workspace\Linux\abaabaaba\service\node_modules\egg-logrotator\app\schedule\rotate_by_file.js
