2021-04-21 00:00:01,060 INFO 15736 [egg-logrotator] app logger reload: got log-reload message
2021-04-21 00:03:13,831 INFO 15976 [egg:logger] init all loggers with options: {"dir":"F:\\workspace\\Linux\\abaabaaba\\service\\logs\\service","encoding":"utf8","env":"local","level":"INFO","consoleLevel":"INFO","disableConsoleAfterReady":false,"outputJSON":false,"buffer":true,"appLogName":"service-web.log","coreLogName":"egg-web.log","agentLogName":"egg-agent.log","errorLogName":"common-error.log","coreLogger":{"consoleLevel":"WARN"},"allowDebugAtProd":false,"type":"application"}
2021-04-21 00:03:13,857 INFO 15976 [egg-multipart] stream mode enable
2021-04-21 00:03:13,857 INFO 15976 [egg-mysql] connecting root@localhost:3306/react_blog
2021-04-21 00:03:13,979 INFO 15976 [egg-static] starting static serve /public/ -> F:\workspace\Linux\abaabaaba\service\app\public
2021-04-21 00:03:13,981 INFO 15976 [egg-security] use methodnoallow middleware
2021-04-21 00:03:13,982 INFO 15976 [egg-security] use noopen middleware
2021-04-21 00:03:13,982 INFO 15976 [egg-security] use nosniff middleware
2021-04-21 00:03:13,983 INFO 15976 [egg-security] use xssProtection middleware
2021-04-21 00:03:13,983 INFO 15976 [egg-security] use xframe middleware
2021-04-21 00:03:13,984 INFO 15976 [egg-security] use dta middleware
2021-04-21 00:03:13,984 INFO 15976 [egg-security] compose 6 middlewares into one security middleware
2021-04-21 00:03:13,995 INFO 15976 [egg:core] dump config after load, 5ms
2021-04-21 00:03:14,014 INFO 15976 [egg-watcher:application] watcher start success
2021-04-21 00:03:14,020 INFO 15976 [egg-mysql] instance[0] status OK, rds currentTime: Wed Apr 21 2021 00:03:14 GMT+0800 (中国标准时间)
2021-04-21 00:03:14,062 INFO 15976 [egg:core] dump config after ready, 40ms
2021-04-21 00:50:22,181 INFO 19160 [egg:logger] init all loggers with options: {"dir":"F:\\workspace\\Linux\\abaabaaba\\service\\logs\\service","encoding":"utf8","env":"local","level":"INFO","consoleLevel":"INFO","disableConsoleAfterReady":false,"outputJSON":false,"buffer":true,"appLogName":"service-web.log","coreLogName":"egg-web.log","agentLogName":"egg-agent.log","errorLogName":"common-error.log","coreLogger":{"consoleLevel":"WARN"},"allowDebugAtProd":false,"type":"application"}
2021-04-21 00:50:22,248 INFO 19160 [egg-multipart] stream mode enable
2021-04-21 00:50:22,249 INFO 19160 [egg-mysql] connecting root@localhost:3306/react_blog
2021-04-21 00:50:23,360 INFO 19160 [egg-static] starting static serve /public/ -> F:\workspace\Linux\abaabaaba\service\app\public
2021-04-21 00:50:23,366 INFO 19160 [egg-security] use methodnoallow middleware
2021-04-21 00:50:23,367 INFO 19160 [egg-security] use noopen middleware
2021-04-21 00:50:23,368 INFO 19160 [egg-security] use nosniff middleware
2021-04-21 00:50:23,369 INFO 19160 [egg-security] use xssProtection middleware
2021-04-21 00:50:23,369 INFO 19160 [egg-security] use xframe middleware
2021-04-21 00:50:23,370 INFO 19160 [egg-security] use dta middleware
2021-04-21 00:50:23,370 INFO 19160 [egg-security] compose 6 middlewares into one security middleware
2021-04-21 00:50:23,426 INFO 19160 [egg:core] dump config after load, 5ms
2021-04-21 00:50:23,447 INFO 19160 [egg-watcher:application] watcher start success
2021-04-21 00:50:23,457 INFO 19160 [egg-mysql] instance[0] status OK, rds currentTime: Wed Apr 21 2021 00:50:23 GMT+0800 (中国标准时间)
2021-04-21 00:50:23,474 INFO 19160 [egg:core] dump config after ready, 15ms
2021-04-21 00:50:24,901 INFO 16060 [egg:logger] init all loggers with options: {"dir":"F:\\workspace\\Linux\\abaabaaba\\service\\logs\\service","encoding":"utf8","env":"local","level":"INFO","consoleLevel":"INFO","disableConsoleAfterReady":false,"outputJSON":false,"buffer":true,"appLogName":"service-web.log","coreLogName":"egg-web.log","agentLogName":"egg-agent.log","errorLogName":"common-error.log","coreLogger":{"consoleLevel":"WARN"},"allowDebugAtProd":false,"type":"application"}
2021-04-21 00:50:24,930 INFO 16060 [egg-multipart] stream mode enable
2021-04-21 00:50:24,930 INFO 16060 [egg-mysql] connecting root@localhost:3306/react_blog
2021-04-21 00:50:25,117 INFO 16060 [egg-static] starting static serve /public/ -> F:\workspace\Linux\abaabaaba\service\app\public
2021-04-21 00:50:25,121 INFO 16060 [egg-security] use methodnoallow middleware
2021-04-21 00:50:25,121 INFO 16060 [egg-security] use noopen middleware
2021-04-21 00:50:25,122 INFO 16060 [egg-security] use nosniff middleware
2021-04-21 00:50:25,122 INFO 16060 [egg-security] use xssProtection middleware
2021-04-21 00:50:25,123 INFO 16060 [egg-security] use xframe middleware
2021-04-21 00:50:25,123 INFO 16060 [egg-security] use dta middleware
2021-04-21 00:50:25,123 INFO 16060 [egg-security] compose 6 middlewares into one security middleware
2021-04-21 00:50:25,139 INFO 16060 [egg:core] dump config after load, 5ms
2021-04-21 00:50:25,159 INFO 16060 [egg-watcher:application] watcher start success
2021-04-21 00:50:25,170 INFO 16060 [egg-mysql] instance[0] status OK, rds currentTime: Wed Apr 21 2021 00:50:25 GMT+0800 (中国标准时间)
2021-04-21 00:50:25,176 INFO 16060 [egg:core] dump config after ready, 5ms
2021-04-21 00:50:53,843 INFO 24556 [egg:logger] init all loggers with options: {"dir":"F:\\workspace\\Linux\\abaabaaba\\service\\logs\\service","encoding":"utf8","env":"local","level":"INFO","consoleLevel":"INFO","disableConsoleAfterReady":false,"outputJSON":false,"buffer":true,"appLogName":"service-web.log","coreLogName":"egg-web.log","agentLogName":"egg-agent.log","errorLogName":"common-error.log","coreLogger":{"consoleLevel":"WARN"},"allowDebugAtProd":false,"type":"application"}
2021-04-21 00:50:53,869 INFO 24556 [egg-multipart] stream mode enable
2021-04-21 00:50:53,870 INFO 24556 [egg-mysql] connecting root@localhost:3306/react_blog
2021-04-21 00:50:54,055 INFO 24556 [egg-static] starting static serve /public/ -> F:\workspace\Linux\abaabaaba\service\app\public
2021-04-21 00:50:54,058 INFO 24556 [egg-security] use methodnoallow middleware
2021-04-21 00:50:54,059 INFO 24556 [egg-security] use noopen middleware
2021-04-21 00:50:54,062 INFO 24556 [egg-security] use nosniff middleware
2021-04-21 00:50:54,063 INFO 24556 [egg-security] use xssProtection middleware
2021-04-21 00:50:54,064 INFO 24556 [egg-security] use xframe middleware
2021-04-21 00:50:54,064 INFO 24556 [egg-security] use dta middleware
2021-04-21 00:50:54,064 INFO 24556 [egg-security] compose 6 middlewares into one security middleware
2021-04-21 00:50:54,089 INFO 24556 [egg:core] dump config after load, 12ms
2021-04-21 00:50:54,120 INFO 24556 [egg-watcher:application] watcher start success
2021-04-21 00:50:54,128 INFO 24556 [egg-mysql] instance[0] status OK, rds currentTime: Wed Apr 21 2021 00:50:54 GMT+0800 (中国标准时间)
2021-04-21 00:50:54,216 INFO 24556 [egg:core] dump config after ready, 85ms
2021-04-21 00:54:52,325 INFO 18812 [egg:logger] init all loggers with options: {"dir":"F:\\workspace\\Linux\\abaabaaba\\service\\logs\\service","encoding":"utf8","env":"local","level":"INFO","consoleLevel":"INFO","disableConsoleAfterReady":false,"outputJSON":false,"buffer":true,"appLogName":"service-web.log","coreLogName":"egg-web.log","agentLogName":"egg-agent.log","errorLogName":"common-error.log","coreLogger":{"consoleLevel":"WARN"},"allowDebugAtProd":false,"type":"application"}
2021-04-21 00:54:52,369 INFO 18812 [egg-multipart] stream mode enable
2021-04-21 00:54:52,369 INFO 18812 [egg-mysql] connecting root@localhost:3306/react_blog
2021-04-21 00:54:52,557 INFO 18812 [egg-static] starting static serve /public/ -> F:\workspace\Linux\abaabaaba\service\app\public
2021-04-21 00:54:52,559 INFO 18812 [egg-security] use methodnoallow middleware
2021-04-21 00:54:52,559 INFO 18812 [egg-security] use noopen middleware
2021-04-21 00:54:52,560 INFO 18812 [egg-security] use nosniff middleware
2021-04-21 00:54:52,561 INFO 18812 [egg-security] use xssProtection middleware
2021-04-21 00:54:52,563 INFO 18812 [egg-security] use xframe middleware
2021-04-21 00:54:52,564 INFO 18812 [egg-security] use dta middleware
2021-04-21 00:54:52,564 INFO 18812 [egg-security] compose 6 middlewares into one security middleware
2021-04-21 00:54:52,576 INFO 18812 [egg:core] dump config after load, 4ms
2021-04-21 00:54:52,598 INFO 18812 [egg-watcher:application] watcher start success
2021-04-21 00:54:52,604 INFO 18812 [egg-mysql] instance[0] status OK, rds currentTime: Wed Apr 21 2021 00:54:52 GMT+0800 (中国标准时间)
2021-04-21 00:54:52,612 INFO 18812 [egg:core] dump config after ready, 6ms
2021-04-21 00:55:51,640 INFO 20308 [egg:logger] init all loggers with options: {"dir":"F:\\workspace\\Linux\\abaabaaba\\service\\logs\\service","encoding":"utf8","env":"local","level":"INFO","consoleLevel":"INFO","disableConsoleAfterReady":false,"outputJSON":false,"buffer":true,"appLogName":"service-web.log","coreLogName":"egg-web.log","agentLogName":"egg-agent.log","errorLogName":"common-error.log","coreLogger":{"consoleLevel":"WARN"},"allowDebugAtProd":false,"type":"application"}
2021-04-21 00:55:51,666 INFO 20308 [egg-multipart] stream mode enable
2021-04-21 00:55:51,667 INFO 20308 [egg-mysql] connecting root@localhost:3306/react_blog
2021-04-21 00:55:51,808 INFO 20308 [egg-static] starting static serve /public/ -> F:\workspace\Linux\abaabaaba\service\app\public
2021-04-21 00:55:51,810 INFO 20308 [egg-security] use methodnoallow middleware
2021-04-21 00:55:51,811 INFO 20308 [egg-security] use noopen middleware
2021-04-21 00:55:51,811 INFO 20308 [egg-security] use nosniff middleware
2021-04-21 00:55:51,812 INFO 20308 [egg-security] use xssProtection middleware
2021-04-21 00:55:51,812 INFO 20308 [egg-security] use xframe middleware
2021-04-21 00:55:51,812 INFO 20308 [egg-security] use dta middleware
2021-04-21 00:55:51,812 INFO 20308 [egg-security] compose 6 middlewares into one security middleware
2021-04-21 00:55:51,826 INFO 20308 [egg:core] dump config after load, 6ms
2021-04-21 00:55:51,842 INFO 20308 [egg-watcher:application] watcher start success
2021-04-21 00:55:51,852 INFO 20308 [egg-mysql] instance[0] status OK, rds currentTime: Wed Apr 21 2021 00:55:51 GMT+0800 (中国标准时间)
2021-04-21 00:55:51,860 INFO 20308 [egg:core] dump config after ready, 7ms
2021-04-21 00:57:45,044 INFO 21528 [egg:logger] init all loggers with options: {"dir":"F:\\workspace\\Linux\\abaabaaba\\service\\logs\\service","encoding":"utf8","env":"local","level":"INFO","consoleLevel":"INFO","disableConsoleAfterReady":false,"outputJSON":false,"buffer":true,"appLogName":"service-web.log","coreLogName":"egg-web.log","agentLogName":"egg-agent.log","errorLogName":"common-error.log","coreLogger":{"consoleLevel":"WARN"},"allowDebugAtProd":false,"type":"application"}
2021-04-21 00:57:45,072 INFO 21528 [egg-multipart] stream mode enable
2021-04-21 00:57:45,074 INFO 21528 [egg-mysql] connecting root@localhost:3306/react_blog
2021-04-21 00:57:45,228 INFO 21528 [egg-static] starting static serve /public/ -> F:\workspace\Linux\abaabaaba\service\app\public
2021-04-21 00:57:45,231 INFO 21528 [egg-security] use methodnoallow middleware
2021-04-21 00:57:45,231 INFO 21528 [egg-security] use noopen middleware
2021-04-21 00:57:45,232 INFO 21528 [egg-security] use nosniff middleware
2021-04-21 00:57:45,232 INFO 21528 [egg-security] use xssProtection middleware
2021-04-21 00:57:45,233 INFO 21528 [egg-security] use xframe middleware
2021-04-21 00:57:45,233 INFO 21528 [egg-security] use dta middleware
2021-04-21 00:57:45,233 INFO 21528 [egg-security] compose 6 middlewares into one security middleware
2021-04-21 00:57:45,249 INFO 21528 [egg:core] dump config after load, 5ms
2021-04-21 00:57:45,271 INFO 21528 [egg-watcher:application] watcher start success
2021-04-21 00:57:45,281 INFO 21528 [egg-mysql] instance[0] status OK, rds currentTime: Wed Apr 21 2021 00:57:45 GMT+0800 (中国标准时间)
2021-04-21 00:57:45,289 INFO 21528 [egg:core] dump config after ready, 6ms
2021-04-21 00:59:55,254 INFO 16636 [egg:logger] init all loggers with options: {"dir":"F:\\workspace\\Linux\\abaabaaba\\service\\logs\\service","encoding":"utf8","env":"local","level":"INFO","consoleLevel":"INFO","disableConsoleAfterReady":false,"outputJSON":false,"buffer":true,"appLogName":"service-web.log","coreLogName":"egg-web.log","agentLogName":"egg-agent.log","errorLogName":"common-error.log","coreLogger":{"consoleLevel":"WARN"},"allowDebugAtProd":false,"type":"application"}
2021-04-21 00:59:55,287 INFO 16636 [egg-multipart] stream mode enable
2021-04-21 00:59:55,287 INFO 16636 [egg-mysql] connecting root@localhost:3306/react_blog
2021-04-21 00:59:55,424 INFO 16636 [egg-static] starting static serve /public/ -> F:\workspace\Linux\abaabaaba\service\app\public
2021-04-21 00:59:55,426 INFO 16636 [egg-security] use methodnoallow middleware
2021-04-21 00:59:55,426 INFO 16636 [egg-security] use noopen middleware
2021-04-21 00:59:55,427 INFO 16636 [egg-security] use nosniff middleware
2021-04-21 00:59:55,427 INFO 16636 [egg-security] use xssProtection middleware
2021-04-21 00:59:55,427 INFO 16636 [egg-security] use xframe middleware
2021-04-21 00:59:55,428 INFO 16636 [egg-security] use dta middleware
2021-04-21 00:59:55,428 INFO 16636 [egg-security] compose 6 middlewares into one security middleware
2021-04-21 00:59:55,440 INFO 16636 [egg:core] dump config after load, 5ms
2021-04-21 00:59:55,455 INFO 16636 [egg-watcher:application] watcher start success
2021-04-21 00:59:55,460 INFO 16636 [egg-mysql] instance[0] status OK, rds currentTime: Wed Apr 21 2021 00:59:55 GMT+0800 (中国标准时间)
2021-04-21 00:59:55,498 INFO 16636 [egg:core] dump config after ready, 36ms
2021-04-21 01:01:00,282 INFO 21908 [egg:logger] init all loggers with options: {"dir":"F:\\workspace\\Linux\\abaabaaba\\service\\logs\\service","encoding":"utf8","env":"local","level":"INFO","consoleLevel":"INFO","disableConsoleAfterReady":false,"outputJSON":false,"buffer":true,"appLogName":"service-web.log","coreLogName":"egg-web.log","agentLogName":"egg-agent.log","errorLogName":"common-error.log","coreLogger":{"consoleLevel":"WARN"},"allowDebugAtProd":false,"type":"application"}
2021-04-21 01:01:00,342 INFO 21908 [egg-multipart] stream mode enable
2021-04-21 01:01:00,342 INFO 21908 [egg-mysql] connecting root@localhost:3306/react_blog
2021-04-21 01:01:00,526 INFO 21908 [egg-static] starting static serve /public/ -> F:\workspace\Linux\abaabaaba\service\app\public
2021-04-21 01:01:00,528 INFO 21908 [egg-security] use methodnoallow middleware
2021-04-21 01:01:00,528 INFO 21908 [egg-security] use noopen middleware
2021-04-21 01:01:00,529 INFO 21908 [egg-security] use nosniff middleware
2021-04-21 01:01:00,529 INFO 21908 [egg-security] use xssProtection middleware
2021-04-21 01:01:00,530 INFO 21908 [egg-security] use xframe middleware
2021-04-21 01:01:00,530 INFO 21908 [egg-security] use dta middleware
2021-04-21 01:01:00,530 INFO 21908 [egg-security] compose 6 middlewares into one security middleware
2021-04-21 01:01:00,547 INFO 21908 [egg:core] dump config after load, 5ms
2021-04-21 01:01:00,573 INFO 21908 [egg-watcher:application] watcher start success
2021-04-21 01:01:00,578 INFO 21908 [egg-mysql] instance[0] status OK, rds currentTime: Wed Apr 21 2021 01:01:00 GMT+0800 (中国标准时间)
2021-04-21 01:01:00,589 INFO 21908 [egg:core] dump config after ready, 9ms
2021-04-21 01:01:36,741 INFO 12824 [egg:logger] init all loggers with options: {"dir":"F:\\workspace\\Linux\\abaabaaba\\service\\logs\\service","encoding":"utf8","env":"local","level":"INFO","consoleLevel":"INFO","disableConsoleAfterReady":false,"outputJSON":false,"buffer":true,"appLogName":"service-web.log","coreLogName":"egg-web.log","agentLogName":"egg-agent.log","errorLogName":"common-error.log","coreLogger":{"consoleLevel":"WARN"},"allowDebugAtProd":false,"type":"application"}
2021-04-21 01:01:36,779 INFO 12824 [egg-multipart] stream mode enable
2021-04-21 01:01:36,780 INFO 12824 [egg-mysql] connecting root@localhost:3306/react_blog
2021-04-21 01:01:36,937 INFO 12824 [egg-static] starting static serve /public/ -> F:\workspace\Linux\abaabaaba\service\app\public
2021-04-21 01:01:36,939 INFO 12824 [egg-security] use methodnoallow middleware
2021-04-21 01:01:36,940 INFO 12824 [egg-security] use noopen middleware
2021-04-21 01:01:36,940 INFO 12824 [egg-security] use nosniff middleware
2021-04-21 01:01:36,941 INFO 12824 [egg-security] use xssProtection middleware
2021-04-21 01:01:36,941 INFO 12824 [egg-security] use xframe middleware
2021-04-21 01:01:36,942 INFO 12824 [egg-security] use dta middleware
2021-04-21 01:01:36,942 INFO 12824 [egg-security] compose 6 middlewares into one security middleware
2021-04-21 01:01:36,955 INFO 12824 [egg:core] dump config after load, 6ms
2021-04-21 01:01:36,977 INFO 12824 [egg-watcher:application] watcher start success
2021-04-21 01:01:36,986 INFO 12824 [egg-mysql] instance[0] status OK, rds currentTime: Wed Apr 21 2021 01:01:36 GMT+0800 (中国标准时间)
2021-04-21 01:01:36,995 INFO 12824 [egg:core] dump config after ready, 7ms
2021-04-21 01:11:00,548 INFO 9776 [egg:logger] init all loggers with options: {"dir":"F:\\workspace\\Linux\\abaabaaba\\service\\logs\\service","encoding":"utf8","env":"local","level":"INFO","consoleLevel":"INFO","disableConsoleAfterReady":false,"outputJSON":false,"buffer":true,"appLogName":"service-web.log","coreLogName":"egg-web.log","agentLogName":"egg-agent.log","errorLogName":"common-error.log","coreLogger":{"consoleLevel":"WARN"},"allowDebugAtProd":false,"type":"application"}
2021-04-21 01:11:00,585 INFO 9776 [egg-multipart] stream mode enable
2021-04-21 01:11:00,586 INFO 9776 [egg-mysql] connecting root@localhost:3306/react_blog
2021-04-21 01:11:00,722 INFO 9776 [egg-static] starting static serve /public/ -> F:\workspace\Linux\abaabaaba\service\app\public
2021-04-21 01:11:00,725 INFO 9776 [egg-security] use methodnoallow middleware
2021-04-21 01:11:00,725 INFO 9776 [egg-security] use noopen middleware
2021-04-21 01:11:00,726 INFO 9776 [egg-security] use nosniff middleware
2021-04-21 01:11:00,726 INFO 9776 [egg-security] use xssProtection middleware
2021-04-21 01:11:00,727 INFO 9776 [egg-security] use xframe middleware
2021-04-21 01:11:00,727 INFO 9776 [egg-security] use dta middleware
2021-04-21 01:11:00,727 INFO 9776 [egg-security] compose 6 middlewares into one security middleware
2021-04-21 01:11:00,739 INFO 9776 [egg:core] dump config after load, 5ms
2021-04-21 01:11:00,757 INFO 9776 [egg-watcher:application] watcher start success
2021-04-21 01:11:00,759 INFO 9776 [egg-mysql] instance[0] status OK, rds currentTime: Wed Apr 21 2021 01:11:00 GMT+0800 (中国标准时间)
2021-04-21 01:11:00,767 INFO 9776 [egg:core] dump config after ready, 6ms
2021-04-21 01:12:48,129 INFO 9256 [egg:logger] init all loggers with options: {"dir":"F:\\workspace\\Linux\\abaabaaba\\service\\logs\\service","encoding":"utf8","env":"local","level":"INFO","consoleLevel":"INFO","disableConsoleAfterReady":false,"outputJSON":false,"buffer":true,"appLogName":"service-web.log","coreLogName":"egg-web.log","agentLogName":"egg-agent.log","errorLogName":"common-error.log","coreLogger":{"consoleLevel":"WARN"},"allowDebugAtProd":false,"type":"application"}
2021-04-21 01:12:48,157 INFO 9256 [egg-multipart] stream mode enable
2021-04-21 01:12:48,158 INFO 9256 [egg-mysql] connecting root@localhost:3306/react_blog
2021-04-21 01:12:48,302 INFO 9256 [egg-static] starting static serve /public/ -> F:\workspace\Linux\abaabaaba\service\app\public
2021-04-21 01:12:48,304 INFO 9256 [egg-security] use methodnoallow middleware
2021-04-21 01:12:48,305 INFO 9256 [egg-security] use noopen middleware
2021-04-21 01:12:48,305 INFO 9256 [egg-security] use nosniff middleware
2021-04-21 01:12:48,306 INFO 9256 [egg-security] use xssProtection middleware
2021-04-21 01:12:48,306 INFO 9256 [egg-security] use xframe middleware
2021-04-21 01:12:48,307 INFO 9256 [egg-security] use dta middleware
2021-04-21 01:12:48,307 INFO 9256 [egg-security] compose 6 middlewares into one security middleware
2021-04-21 01:12:48,318 INFO 9256 [egg:core] dump config after load, 4ms
2021-04-21 01:12:48,335 INFO 9256 [egg-watcher:application] watcher start success
2021-04-21 01:12:48,341 INFO 9256 [egg-mysql] instance[0] status OK, rds currentTime: Wed Apr 21 2021 01:12:48 GMT+0800 (中国标准时间)
2021-04-21 01:12:48,350 INFO 9256 [egg:core] dump config after ready, 7ms
2021-04-21 09:13:16,184 INFO 10696 [egg:logger] init all loggers with options: {"dir":"F:\\workspace\\Linux\\abaabaaba\\service\\logs\\service","encoding":"utf8","env":"local","level":"INFO","consoleLevel":"INFO","disableConsoleAfterReady":false,"outputJSON":false,"buffer":true,"appLogName":"service-web.log","coreLogName":"egg-web.log","agentLogName":"egg-agent.log","errorLogName":"common-error.log","coreLogger":{"consoleLevel":"WARN"},"allowDebugAtProd":false,"type":"application"}
2021-04-21 09:13:16,209 INFO 10696 [egg-multipart] stream mode enable
2021-04-21 09:13:16,209 INFO 10696 [egg-mysql] connecting root@localhost:3306/react_blog
2021-04-21 09:13:18,960 INFO 10696 [egg-static] starting static serve /public/ -> F:\workspace\Linux\abaabaaba\service\app\public
2021-04-21 09:13:18,963 INFO 10696 [egg-security] use methodnoallow middleware
2021-04-21 09:13:18,964 INFO 10696 [egg-security] use noopen middleware
2021-04-21 09:13:18,965 INFO 10696 [egg-security] use nosniff middleware
2021-04-21 09:13:18,966 INFO 10696 [egg-security] use xssProtection middleware
2021-04-21 09:13:18,966 INFO 10696 [egg-security] use xframe middleware
2021-04-21 09:13:18,967 INFO 10696 [egg-security] use dta middleware
2021-04-21 09:13:18,967 INFO 10696 [egg-security] compose 6 middlewares into one security middleware
2021-04-21 09:13:27,903 INFO 10696 [egg:core] dump config after load, 9s
2021-04-21 09:13:28,636 INFO 10696 [egg-mysql] instance[0] status OK, rds currentTime: Wed Apr 21 2021 09:13:28 GMT+0800 (中国标准时间)
2021-04-21 09:13:28,701 INFO 10696 [egg-watcher:application] watcher start success
2021-04-21 09:13:28,909 INFO 10696 [egg:core] dump config after ready, 6ms
2021-04-21 09:33:01,802 INFO 14688 [egg:logger] init all loggers with options: {"dir":"F:\\workspace\\Linux\\abaabaaba\\service\\logs\\service","encoding":"utf8","env":"local","level":"INFO","consoleLevel":"INFO","disableConsoleAfterReady":false,"outputJSON":false,"buffer":true,"appLogName":"service-web.log","coreLogName":"egg-web.log","agentLogName":"egg-agent.log","errorLogName":"common-error.log","coreLogger":{"consoleLevel":"WARN"},"allowDebugAtProd":false,"type":"application"}
2021-04-21 09:33:01,934 INFO 14688 [egg-multipart] stream mode enable
2021-04-21 09:33:01,935 INFO 14688 [egg-mysql] connecting root@localhost:3306/react_blog
2021-04-21 09:33:03,416 INFO 14688 [egg-static] starting static serve /public/ -> F:\workspace\Linux\abaabaaba\service\app\public
2021-04-21 09:33:03,418 INFO 14688 [egg-security] use methodnoallow middleware
2021-04-21 09:33:03,419 INFO 14688 [egg-security] use noopen middleware
2021-04-21 09:33:03,420 INFO 14688 [egg-security] use nosniff middleware
2021-04-21 09:33:03,420 INFO 14688 [egg-security] use xssProtection middleware
2021-04-21 09:33:03,420 INFO 14688 [egg-security] use xframe middleware
2021-04-21 09:33:03,421 INFO 14688 [egg-security] use dta middleware
2021-04-21 09:33:03,421 INFO 14688 [egg-security] compose 6 middlewares into one security middleware
2021-04-21 09:33:03,476 INFO 14688 [egg:core] dump config after load, 24ms
2021-04-21 09:33:03,499 INFO 14688 [egg-watcher:application] watcher start success
2021-04-21 09:33:03,502 INFO 14688 [egg-mysql] instance[0] status OK, rds currentTime: Wed Apr 21 2021 09:33:03 GMT+0800 (中国标准时间)
2021-04-21 09:33:03,570 INFO 14688 [egg:core] dump config after ready, 65ms
2021-04-21 09:54:24,557 INFO 8784 [egg:logger] init all loggers with options: {"dir":"F:\\workspace\\Linux\\abaabaaba\\service\\logs\\service","encoding":"utf8","env":"local","level":"INFO","consoleLevel":"INFO","disableConsoleAfterReady":false,"outputJSON":false,"buffer":true,"appLogName":"service-web.log","coreLogName":"egg-web.log","agentLogName":"egg-agent.log","errorLogName":"common-error.log","coreLogger":{"consoleLevel":"WARN"},"allowDebugAtProd":false,"type":"application"}
2021-04-21 09:54:24,585 INFO 8784 [egg-multipart] stream mode enable
2021-04-21 09:54:24,585 INFO 8784 [egg-mysql] connecting root@localhost:3306/react_blog
2021-04-21 09:54:24,710 INFO 8784 [egg-static] starting static serve /public/ -> F:\workspace\Linux\abaabaaba\service\app\public
2021-04-21 09:54:24,712 INFO 8784 [egg-security] use methodnoallow middleware
2021-04-21 09:54:24,713 INFO 8784 [egg-security] use noopen middleware
2021-04-21 09:54:24,713 INFO 8784 [egg-security] use nosniff middleware
2021-04-21 09:54:24,714 INFO 8784 [egg-security] use xssProtection middleware
2021-04-21 09:54:24,714 INFO 8784 [egg-security] use xframe middleware
2021-04-21 09:54:24,715 INFO 8784 [egg-security] use dta middleware
2021-04-21 09:54:24,715 INFO 8784 [egg-security] compose 6 middlewares into one security middleware
2021-04-21 09:54:24,726 INFO 8784 [egg:core] dump config after load, 4ms
2021-04-21 09:54:24,743 INFO 8784 [egg-watcher:application] watcher start success
2021-04-21 09:54:24,747 INFO 8784 [egg-mysql] instance[0] status OK, rds currentTime: Wed Apr 21 2021 09:54:24 GMT+0800 (中国标准时间)
2021-04-21 09:54:24,766 INFO 8784 [egg:core] dump config after ready, 17ms
2021-04-21 09:58:12,987 INFO 3060 [egg:logger] init all loggers with options: {"dir":"F:\\workspace\\Linux\\abaabaaba\\service\\logs\\service","encoding":"utf8","env":"local","level":"INFO","consoleLevel":"INFO","disableConsoleAfterReady":false,"outputJSON":false,"buffer":true,"appLogName":"service-web.log","coreLogName":"egg-web.log","agentLogName":"egg-agent.log","errorLogName":"common-error.log","coreLogger":{"consoleLevel":"WARN"},"allowDebugAtProd":false,"type":"application"}
2021-04-21 09:58:13,016 INFO 3060 [egg-multipart] stream mode enable
2021-04-21 09:58:13,016 INFO 3060 [egg-mysql] connecting root@localhost:3306/react_blog
2021-04-21 09:58:13,149 INFO 3060 [egg-static] starting static serve /public/ -> F:\workspace\Linux\abaabaaba\service\app\public
2021-04-21 09:58:13,151 INFO 3060 [egg-security] use methodnoallow middleware
2021-04-21 09:58:13,152 INFO 3060 [egg-security] use noopen middleware
2021-04-21 09:58:13,152 INFO 3060 [egg-security] use nosniff middleware
2021-04-21 09:58:13,153 INFO 3060 [egg-security] use xssProtection middleware
2021-04-21 09:58:13,154 INFO 3060 [egg-security] use xframe middleware
2021-04-21 09:58:13,154 INFO 3060 [egg-security] use dta middleware
2021-04-21 09:58:13,154 INFO 3060 [egg-security] compose 6 middlewares into one security middleware
2021-04-21 09:58:13,165 INFO 3060 [egg:core] dump config after load, 4ms
2021-04-21 09:58:13,182 INFO 3060 [egg-watcher:application] watcher start success
2021-04-21 09:58:13,185 INFO 3060 [egg-mysql] instance[0] status OK, rds currentTime: Wed Apr 21 2021 09:58:13 GMT+0800 (中国标准时间)
2021-04-21 09:58:13,193 INFO 3060 [egg:core] dump config after ready, 7ms
2021-04-21 10:00:07,678 INFO 16644 [egg:logger] init all loggers with options: {"dir":"F:\\workspace\\Linux\\abaabaaba\\service\\logs\\service","encoding":"utf8","env":"local","level":"INFO","consoleLevel":"INFO","disableConsoleAfterReady":false,"outputJSON":false,"buffer":true,"appLogName":"service-web.log","coreLogName":"egg-web.log","agentLogName":"egg-agent.log","errorLogName":"common-error.log","coreLogger":{"consoleLevel":"WARN"},"allowDebugAtProd":false,"type":"application"}
2021-04-21 10:00:07,705 INFO 16644 [egg-multipart] stream mode enable
2021-04-21 10:00:07,705 INFO 16644 [egg-mysql] connecting root@localhost:3306/react_blog
2021-04-21 10:00:07,825 INFO 16644 [egg-static] starting static serve /public/ -> F:\workspace\Linux\abaabaaba\service\app\public
2021-04-21 10:00:07,827 INFO 16644 [egg-security] use methodnoallow middleware
2021-04-21 10:00:07,828 INFO 16644 [egg-security] use noopen middleware
2021-04-21 10:00:07,828 INFO 16644 [egg-security] use nosniff middleware
2021-04-21 10:00:07,829 INFO 16644 [egg-security] use xssProtection middleware
2021-04-21 10:00:07,829 INFO 16644 [egg-security] use xframe middleware
2021-04-21 10:00:07,829 INFO 16644 [egg-security] use dta middleware
2021-04-21 10:00:07,829 INFO 16644 [egg-security] compose 6 middlewares into one security middleware
2021-04-21 10:00:07,840 INFO 16644 [egg:core] dump config after load, 5ms
2021-04-21 10:00:07,859 INFO 16644 [egg-watcher:application] watcher start success
2021-04-21 10:00:07,861 INFO 16644 [egg-mysql] instance[0] status OK, rds currentTime: Wed Apr 21 2021 10:00:07 GMT+0800 (中国标准时间)
2021-04-21 10:00:07,977 INFO 16644 [egg:core] dump config after ready, 113ms
2021-04-21 10:46:46,603 INFO 14084 [egg:logger] init all loggers with options: {"dir":"F:\\workspace\\Linux\\abaabaaba\\service\\logs\\service","encoding":"utf8","env":"local","level":"INFO","consoleLevel":"INFO","disableConsoleAfterReady":false,"outputJSON":false,"buffer":true,"appLogName":"service-web.log","coreLogName":"egg-web.log","agentLogName":"egg-agent.log","errorLogName":"common-error.log","coreLogger":{"consoleLevel":"WARN"},"allowDebugAtProd":false,"type":"application"}
2021-04-21 10:46:46,669 INFO 14084 [egg-multipart] stream mode enable
2021-04-21 10:46:46,669 INFO 14084 [egg-mysql] connecting root@localhost:3306/react_blog
2021-04-21 10:46:47,797 INFO 14084 [egg-static] starting static serve /public/ -> F:\workspace\Linux\abaabaaba\service\app\public
2021-04-21 10:46:47,801 INFO 14084 [egg-security] use methodnoallow middleware
2021-04-21 10:46:47,802 INFO 14084 [egg-security] use noopen middleware
2021-04-21 10:46:47,804 INFO 14084 [egg-security] use nosniff middleware
2021-04-21 10:46:47,804 INFO 14084 [egg-security] use xssProtection middleware
2021-04-21 10:46:47,805 INFO 14084 [egg-security] use xframe middleware
2021-04-21 10:46:47,806 INFO 14084 [egg-security] use dta middleware
2021-04-21 10:46:47,806 INFO 14084 [egg-security] compose 6 middlewares into one security middleware
2021-04-21 10:46:47,819 INFO 14084 [egg:core] dump config after load, 6ms
2021-04-21 10:46:47,836 INFO 14084 [egg-watcher:application] watcher start success
2021-04-21 10:46:47,848 INFO 14084 [egg-mysql] instance[0] status OK, rds currentTime: Wed Apr 21 2021 10:46:47 GMT+0800 (中国标准时间)
2021-04-21 10:46:47,854 INFO 14084 [egg:core] dump config after ready, 5ms
2021-04-21 11:00:27,036 INFO 8604 [egg:logger] init all loggers with options: {"dir":"F:\\workspace\\Linux\\abaabaaba\\service\\logs\\service","encoding":"utf8","env":"local","level":"INFO","consoleLevel":"INFO","disableConsoleAfterReady":false,"outputJSON":false,"buffer":true,"appLogName":"service-web.log","coreLogName":"egg-web.log","agentLogName":"egg-agent.log","errorLogName":"common-error.log","coreLogger":{"consoleLevel":"WARN"},"allowDebugAtProd":false,"type":"application"}
2021-04-21 11:00:27,072 INFO 8604 [egg-multipart] stream mode enable
2021-04-21 11:00:27,073 INFO 8604 [egg-mysql] connecting root@localhost:3306/react_blog
2021-04-21 11:00:27,255 INFO 8604 [egg-static] starting static serve /public/ -> F:\workspace\Linux\abaabaaba\service\app\public
2021-04-21 11:00:27,257 INFO 8604 [egg-security] use methodnoallow middleware
2021-04-21 11:00:27,258 INFO 8604 [egg-security] use noopen middleware
2021-04-21 11:00:27,261 INFO 8604 [egg-security] use nosniff middleware
2021-04-21 11:00:27,263 INFO 8604 [egg-security] use xssProtection middleware
2021-04-21 11:00:27,264 INFO 8604 [egg-security] use xframe middleware
2021-04-21 11:00:27,264 INFO 8604 [egg-security] use dta middleware
2021-04-21 11:00:27,265 INFO 8604 [egg-security] compose 6 middlewares into one security middleware
2021-04-21 11:00:27,281 INFO 8604 [egg:core] dump config after load, 10ms
2021-04-21 11:00:27,304 INFO 8604 [egg-watcher:application] watcher start success
2021-04-21 11:00:27,314 INFO 8604 [egg-mysql] instance[0] status OK, rds currentTime: Wed Apr 21 2021 11:00:27 GMT+0800 (中国标准时间)
2021-04-21 11:00:27,322 INFO 8604 [egg:core] dump config after ready, 6ms
2021-04-21 12:24:06,458 WARN 8604 [ClusterClient:Watcher] follower closed, and try to init it again
2021-04-21 15:58:07,953 WARN 8604 [TCPBase] socket is closed by other side while there were still unhandled data in the socket buffer
2021-04-21 15:58:07,955 WARN 8604 [ClusterClient:Watcher] follower closed, and try to init it again
2021-04-21 16:06:01,484 INFO 21216 [egg:logger] init all loggers with options: {"dir":"F:\\workspace\\Linux\\abaabaaba\\service\\logs\\service","encoding":"utf8","env":"local","level":"INFO","consoleLevel":"INFO","disableConsoleAfterReady":false,"outputJSON":false,"buffer":true,"appLogName":"service-web.log","coreLogName":"egg-web.log","agentLogName":"egg-agent.log","errorLogName":"common-error.log","coreLogger":{"consoleLevel":"WARN"},"allowDebugAtProd":false,"type":"application"}
2021-04-21 16:06:01,514 INFO 21216 [egg-multipart] stream mode enable
2021-04-21 16:06:01,514 INFO 21216 [egg-mysql] connecting root@localhost:3306/react_blog
2021-04-21 16:06:01,693 INFO 21216 [egg-static] starting static serve /public/ -> F:\workspace\Linux\abaabaaba\service\app\public
2021-04-21 16:06:01,695 INFO 21216 [egg-security] use methodnoallow middleware
2021-04-21 16:06:01,696 INFO 21216 [egg-security] use noopen middleware
2021-04-21 16:06:01,696 INFO 21216 [egg-security] use nosniff middleware
2021-04-21 16:06:01,697 INFO 21216 [egg-security] use xssProtection middleware
2021-04-21 16:06:01,698 INFO 21216 [egg-security] use xframe middleware
2021-04-21 16:06:01,699 INFO 21216 [egg-security] use dta middleware
2021-04-21 16:06:01,699 INFO 21216 [egg-security] compose 6 middlewares into one security middleware
2021-04-21 16:06:01,714 INFO 21216 [egg:core] dump config after load, 5ms
2021-04-21 16:06:01,740 INFO 21216 [egg-watcher:application] watcher start success
2021-04-21 16:06:01,752 INFO 21216 [egg-mysql] instance[0] status OK, rds currentTime: Wed Apr 21 2021 16:06:01 GMT+0800 (中国标准时间)
2021-04-21 16:06:01,762 INFO 21216 [egg:core] dump config after ready, 7ms
2021-04-21 16:06:03,071 INFO 11540 [egg:logger] init all loggers with options: {"dir":"F:\\workspace\\Linux\\abaabaaba\\service\\logs\\service","encoding":"utf8","env":"local","level":"INFO","consoleLevel":"INFO","disableConsoleAfterReady":false,"outputJSON":false,"buffer":true,"appLogName":"service-web.log","coreLogName":"egg-web.log","agentLogName":"egg-agent.log","errorLogName":"common-error.log","coreLogger":{"consoleLevel":"WARN"},"allowDebugAtProd":false,"type":"application"}
2021-04-21 16:06:03,117 INFO 11540 [egg-multipart] stream mode enable
2021-04-21 16:06:03,117 INFO 11540 [egg-mysql] connecting root@localhost:3306/react_blog
2021-04-21 16:06:03,246 INFO 11540 [egg-static] starting static serve /public/ -> F:\workspace\Linux\abaabaaba\service\app\public
2021-04-21 16:06:03,248 INFO 11540 [egg-security] use methodnoallow middleware
2021-04-21 16:06:03,249 INFO 11540 [egg-security] use noopen middleware
2021-04-21 16:06:03,249 INFO 11540 [egg-security] use nosniff middleware
2021-04-21 16:06:03,250 INFO 11540 [egg-security] use xssProtection middleware
2021-04-21 16:06:03,250 INFO 11540 [egg-security] use xframe middleware
2021-04-21 16:06:03,251 INFO 11540 [egg-security] use dta middleware
2021-04-21 16:06:03,251 INFO 11540 [egg-security] compose 6 middlewares into one security middleware
2021-04-21 16:06:03,264 INFO 11540 [egg:core] dump config after load, 7ms
2021-04-21 16:06:03,281 INFO 11540 [egg-watcher:application] watcher start success
2021-04-21 16:06:03,284 INFO 11540 [egg-mysql] instance[0] status OK, rds currentTime: Wed Apr 21 2021 16:06:03 GMT+0800 (中国标准时间)
2021-04-21 16:06:03,326 INFO 11540 [egg:core] dump config after ready, 41ms
2021-04-21 16:08:38,419 INFO 15684 [egg:logger] init all loggers with options: {"dir":"F:\\workspace\\Linux\\abaabaaba\\service\\logs\\service","encoding":"utf8","env":"local","level":"INFO","consoleLevel":"INFO","disableConsoleAfterReady":false,"outputJSON":false,"buffer":true,"appLogName":"service-web.log","coreLogName":"egg-web.log","agentLogName":"egg-agent.log","errorLogName":"common-error.log","coreLogger":{"consoleLevel":"WARN"},"allowDebugAtProd":false,"type":"application"}
2021-04-21 16:08:38,448 INFO 15684 [egg-multipart] stream mode enable
2021-04-21 16:08:38,448 INFO 15684 [egg-mysql] connecting root@localhost:3306/react_blog
2021-04-21 16:08:38,592 INFO 15684 [egg-static] starting static serve /public/ -> F:\workspace\Linux\abaabaaba\service\app\public
2021-04-21 16:08:38,598 INFO 15684 [egg-security] use methodnoallow middleware
2021-04-21 16:08:38,599 INFO 15684 [egg-security] use noopen middleware
2021-04-21 16:08:38,599 INFO 15684 [egg-security] use nosniff middleware
2021-04-21 16:08:38,600 INFO 15684 [egg-security] use xssProtection middleware
2021-04-21 16:08:38,600 INFO 15684 [egg-security] use xframe middleware
2021-04-21 16:08:38,601 INFO 15684 [egg-security] use dta middleware
2021-04-21 16:08:38,601 INFO 15684 [egg-security] compose 6 middlewares into one security middleware
2021-04-21 16:08:38,615 INFO 15684 [egg:core] dump config after load, 8ms
2021-04-21 16:08:38,638 INFO 15684 [egg-watcher:application] watcher start success
2021-04-21 16:08:38,641 INFO 15684 [egg-mysql] instance[0] status OK, rds currentTime: Wed Apr 21 2021 16:08:38 GMT+0800 (中国标准时间)
2021-04-21 16:08:38,682 INFO 15684 [egg:core] dump config after ready, 39ms
2021-04-21 16:08:39,746 INFO 21136 [egg:logger] init all loggers with options: {"dir":"F:\\workspace\\Linux\\abaabaaba\\service\\logs\\service","encoding":"utf8","env":"local","level":"INFO","consoleLevel":"INFO","disableConsoleAfterReady":false,"outputJSON":false,"buffer":true,"appLogName":"service-web.log","coreLogName":"egg-web.log","agentLogName":"egg-agent.log","errorLogName":"common-error.log","coreLogger":{"consoleLevel":"WARN"},"allowDebugAtProd":false,"type":"application"}
2021-04-21 16:08:39,775 INFO 21136 [egg-multipart] stream mode enable
2021-04-21 16:08:39,776 INFO 21136 [egg-mysql] connecting root@localhost:3306/react_blog
2021-04-21 16:08:39,906 INFO 21136 [egg-static] starting static serve /public/ -> F:\workspace\Linux\abaabaaba\service\app\public
2021-04-21 16:08:39,908 INFO 21136 [egg-security] use methodnoallow middleware
2021-04-21 16:08:39,909 INFO 21136 [egg-security] use noopen middleware
2021-04-21 16:08:39,909 INFO 21136 [egg-security] use nosniff middleware
2021-04-21 16:08:39,910 INFO 21136 [egg-security] use xssProtection middleware
2021-04-21 16:08:39,910 INFO 21136 [egg-security] use xframe middleware
2021-04-21 16:08:39,911 INFO 21136 [egg-security] use dta middleware
2021-04-21 16:08:39,911 INFO 21136 [egg-security] compose 6 middlewares into one security middleware
2021-04-21 16:08:39,921 INFO 21136 [egg:core] dump config after load, 4ms
2021-04-21 16:08:39,940 INFO 21136 [egg-watcher:application] watcher start success
2021-04-21 16:08:39,942 INFO 21136 [egg-mysql] instance[0] status OK, rds currentTime: Wed Apr 21 2021 16:08:39 GMT+0800 (中国标准时间)
2021-04-21 16:08:39,949 INFO 21136 [egg:core] dump config after ready, 5ms
2021-04-21 16:24:24,705 INFO 20936 [egg:logger] init all loggers with options: {"dir":"F:\\workspace\\Linux\\abaabaaba\\service\\logs\\service","encoding":"utf8","env":"local","level":"INFO","consoleLevel":"INFO","disableConsoleAfterReady":false,"outputJSON":false,"buffer":true,"appLogName":"service-web.log","coreLogName":"egg-web.log","agentLogName":"egg-agent.log","errorLogName":"common-error.log","coreLogger":{"consoleLevel":"WARN"},"allowDebugAtProd":false,"type":"application"}
2021-04-21 16:24:24,735 INFO 20936 [egg-multipart] stream mode enable
2021-04-21 16:24:24,736 INFO 20936 [egg-mysql] connecting root@localhost:3306/react_blog
2021-04-21 16:24:24,875 INFO 20936 [egg-static] starting static serve /public/ -> F:\workspace\Linux\abaabaaba\service\app\public
2021-04-21 16:24:24,877 INFO 20936 [egg-security] use methodnoallow middleware
2021-04-21 16:24:24,878 INFO 20936 [egg-security] use noopen middleware
2021-04-21 16:24:24,878 INFO 20936 [egg-security] use nosniff middleware
2021-04-21 16:24:24,879 INFO 20936 [egg-security] use xssProtection middleware
2021-04-21 16:24:24,879 INFO 20936 [egg-security] use xframe middleware
2021-04-21 16:24:24,880 INFO 20936 [egg-security] use dta middleware
2021-04-21 16:24:24,880 INFO 20936 [egg-security] compose 6 middlewares into one security middleware
2021-04-21 16:24:24,891 INFO 20936 [egg:core] dump config after load, 5ms
2021-04-21 16:24:24,910 INFO 20936 [egg-watcher:application] watcher start success
2021-04-21 16:24:24,913 INFO 20936 [egg-mysql] instance[0] status OK, rds currentTime: Wed Apr 21 2021 16:24:24 GMT+0800 (中国标准时间)
2021-04-21 16:24:24,920 INFO 20936 [egg:core] dump config after ready, 6ms
2021-04-21 16:41:36,827 INFO 20428 [egg:logger] init all loggers with options: {"dir":"F:\\workspace\\Linux\\abaabaaba\\service\\logs\\service","encoding":"utf8","env":"local","level":"INFO","consoleLevel":"INFO","disableConsoleAfterReady":false,"outputJSON":false,"buffer":true,"appLogName":"service-web.log","coreLogName":"egg-web.log","agentLogName":"egg-agent.log","errorLogName":"common-error.log","coreLogger":{"consoleLevel":"WARN"},"allowDebugAtProd":false,"type":"application"}
2021-04-21 16:41:36,853 INFO 20428 [egg-multipart] stream mode enable
2021-04-21 16:41:36,853 INFO 20428 [egg-mysql] connecting root@localhost:3306/react_blog
2021-04-21 16:41:36,976 INFO 20428 [egg-static] starting static serve /public/ -> F:\workspace\Linux\abaabaaba\service\app\public
2021-04-21 16:41:36,978 INFO 20428 [egg-security] use methodnoallow middleware
2021-04-21 16:41:36,979 INFO 20428 [egg-security] use noopen middleware
2021-04-21 16:41:36,979 INFO 20428 [egg-security] use nosniff middleware
2021-04-21 16:41:36,980 INFO 20428 [egg-security] use xssProtection middleware
2021-04-21 16:41:36,980 INFO 20428 [egg-security] use xframe middleware
2021-04-21 16:41:36,981 INFO 20428 [egg-security] use dta middleware
2021-04-21 16:41:36,981 INFO 20428 [egg-security] compose 6 middlewares into one security middleware
2021-04-21 16:41:36,991 INFO 20428 [egg:core] dump config after load, 5ms
2021-04-21 16:41:37,010 INFO 20428 [egg-watcher:application] watcher start success
2021-04-21 16:41:37,015 INFO 20428 [egg-mysql] instance[0] status OK, rds currentTime: Wed Apr 21 2021 16:41:37 GMT+0800 (中国标准时间)
2021-04-21 16:41:37,023 INFO 20428 [egg:core] dump config after ready, 6ms
2021-04-21 18:22:23,371 WARN 20428 [ClusterClient:Watcher] follower closed, and try to init it again
2021-04-21 18:25:35,274 INFO 21032 [egg:logger] init all loggers with options: {"dir":"F:\\workspace\\Linux\\abaabaaba\\service\\logs\\service","encoding":"utf8","env":"local","level":"INFO","consoleLevel":"INFO","disableConsoleAfterReady":false,"outputJSON":false,"buffer":true,"appLogName":"service-web.log","coreLogName":"egg-web.log","agentLogName":"egg-agent.log","errorLogName":"common-error.log","coreLogger":{"consoleLevel":"WARN"},"allowDebugAtProd":false,"type":"application"}
2021-04-21 18:25:35,300 INFO 21032 [egg-multipart] stream mode enable
2021-04-21 18:25:35,301 INFO 21032 [egg-mysql] connecting root@localhost:3306/react_blog
2021-04-21 18:25:36,591 INFO 21032 [egg-static] starting static serve /public/ -> F:\workspace\Linux\abaabaaba\service\app\public
2021-04-21 18:25:36,593 INFO 21032 [egg-security] use methodnoallow middleware
2021-04-21 18:25:36,593 INFO 21032 [egg-security] use noopen middleware
2021-04-21 18:25:36,594 INFO 21032 [egg-security] use nosniff middleware
2021-04-21 18:25:36,594 INFO 21032 [egg-security] use xssProtection middleware
2021-04-21 18:25:36,595 INFO 21032 [egg-security] use xframe middleware
2021-04-21 18:25:36,595 INFO 21032 [egg-security] use dta middleware
2021-04-21 18:25:36,595 INFO 21032 [egg-security] compose 6 middlewares into one security middleware
2021-04-21 18:25:36,688 INFO 21032 [egg:core] dump config after load, 5ms
2021-04-21 18:25:36,706 INFO 21032 [egg-watcher:application] watcher start success
2021-04-21 18:25:36,729 INFO 21032 [egg-mysql] instance[0] status OK, rds currentTime: Wed Apr 21 2021 18:25:36 GMT+0800 (中国标准时间)
2021-04-21 18:25:36,737 INFO 21032 [egg:core] dump config after ready, 5ms
2021-04-21 19:01:45,539 WARN 21032 [TCPBase] socket is closed by other side while there were still unhandled data in the socket buffer
2021-04-21 19:01:45,541 WARN 21032 [ClusterClient:Watcher] follower closed, and try to init it again
2021-04-21 19:11:05,916 INFO 20652 [egg:logger] init all loggers with options: {"dir":"F:\\workspace\\Linux\\abaabaaba\\service\\logs\\service","encoding":"utf8","env":"local","level":"INFO","consoleLevel":"INFO","disableConsoleAfterReady":false,"outputJSON":false,"buffer":true,"appLogName":"service-web.log","coreLogName":"egg-web.log","agentLogName":"egg-agent.log","errorLogName":"common-error.log","coreLogger":{"consoleLevel":"WARN"},"allowDebugAtProd":false,"type":"application"}
2021-04-21 19:11:05,940 INFO 20652 [egg-multipart] stream mode enable
2021-04-21 19:11:05,941 INFO 20652 [egg-mysql] connecting root@localhost:3306/react_blog
2021-04-21 19:11:06,059 INFO 20652 [egg-static] starting static serve /public/ -> F:\workspace\Linux\abaabaaba\service\app\public
2021-04-21 19:11:06,061 INFO 20652 [egg-security] use methodnoallow middleware
2021-04-21 19:11:06,062 INFO 20652 [egg-security] use noopen middleware
2021-04-21 19:11:06,062 INFO 20652 [egg-security] use nosniff middleware
2021-04-21 19:11:06,063 INFO 20652 [egg-security] use xssProtection middleware
2021-04-21 19:11:06,063 INFO 20652 [egg-security] use xframe middleware
2021-04-21 19:11:06,064 INFO 20652 [egg-security] use dta middleware
2021-04-21 19:11:06,064 INFO 20652 [egg-security] compose 6 middlewares into one security middleware
2021-04-21 19:11:06,075 INFO 20652 [egg:core] dump config after load, 5ms
2021-04-21 19:11:06,094 INFO 20652 [egg-watcher:application] watcher start success
2021-04-21 19:11:06,098 INFO 20652 [egg-mysql] instance[0] status OK, rds currentTime: Wed Apr 21 2021 19:11:06 GMT+0800 (中国标准时间)
2021-04-21 19:11:06,106 INFO 20652 [egg:core] dump config after ready, 7ms
2021-04-21 20:26:50,561 INFO 13456 [egg:logger] init all loggers with options: {"dir":"F:\\workspace\\Linux\\abaabaaba\\service\\logs\\service","encoding":"utf8","env":"local","level":"INFO","consoleLevel":"INFO","disableConsoleAfterReady":false,"outputJSON":false,"buffer":true,"appLogName":"service-web.log","coreLogName":"egg-web.log","agentLogName":"egg-agent.log","errorLogName":"common-error.log","coreLogger":{"consoleLevel":"WARN"},"allowDebugAtProd":false,"type":"application"}
2021-04-21 20:26:50,596 INFO 13456 [egg-multipart] stream mode enable
2021-04-21 20:26:50,596 INFO 13456 [egg-mysql] connecting root@localhost:3306/react_blog
2021-04-21 20:26:51,473 INFO 13456 [egg-static] starting static serve /public/ -> F:\workspace\Linux\abaabaaba\service\app\public
2021-04-21 20:26:51,475 INFO 13456 [egg-security] use methodnoallow middleware
2021-04-21 20:26:51,476 INFO 13456 [egg-security] use noopen middleware
2021-04-21 20:26:51,477 INFO 13456 [egg-security] use nosniff middleware
2021-04-21 20:26:51,477 INFO 13456 [egg-security] use xssProtection middleware
2021-04-21 20:26:51,478 INFO 13456 [egg-security] use xframe middleware
2021-04-21 20:26:51,478 INFO 13456 [egg-security] use dta middleware
2021-04-21 20:26:51,478 INFO 13456 [egg-security] compose 6 middlewares into one security middleware
2021-04-21 20:26:51,528 INFO 13456 [egg:core] dump config after load, 7ms
2021-04-21 20:26:51,543 INFO 13456 [egg-watcher:application] watcher start success
2021-04-21 20:26:51,555 INFO 13456 [egg-mysql] instance[0] status OK, rds currentTime: Wed Apr 21 2021 20:26:51 GMT+0800 (中国标准时间)
2021-04-21 20:26:51,562 INFO 13456 [egg:core] dump config after ready, 5ms
2021-04-21 20:28:37,896 INFO 11680 [egg:logger] init all loggers with options: {"dir":"F:\\workspace\\Linux\\abaabaaba\\service\\logs\\service","encoding":"utf8","env":"local","level":"INFO","consoleLevel":"INFO","disableConsoleAfterReady":false,"outputJSON":false,"buffer":true,"appLogName":"service-web.log","coreLogName":"egg-web.log","agentLogName":"egg-agent.log","errorLogName":"common-error.log","coreLogger":{"consoleLevel":"WARN"},"allowDebugAtProd":false,"type":"application"}
2021-04-21 20:28:37,936 INFO 11680 [egg-multipart] stream mode enable
2021-04-21 20:28:37,936 INFO 11680 [egg-mysql] connecting root@localhost:3306/react_blog
2021-04-21 20:28:38,218 INFO 11680 [egg-static] starting static serve /public/ -> F:\workspace\Linux\abaabaaba\service\app\public
2021-04-21 20:28:38,220 INFO 11680 [egg-security] use methodnoallow middleware
2021-04-21 20:28:38,220 INFO 11680 [egg-security] use noopen middleware
2021-04-21 20:28:38,221 INFO 11680 [egg-security] use nosniff middleware
2021-04-21 20:28:38,222 INFO 11680 [egg-security] use xssProtection middleware
2021-04-21 20:28:38,226 INFO 11680 [egg-security] use xframe middleware
2021-04-21 20:28:38,229 INFO 11680 [egg-security] use dta middleware
2021-04-21 20:28:38,229 INFO 11680 [egg-security] compose 6 middlewares into one security middleware
2021-04-21 20:28:38,252 INFO 11680 [egg:core] dump config after load, 8ms
2021-04-21 20:28:38,283 INFO 11680 [egg-watcher:application] watcher start success
2021-04-21 20:28:38,286 INFO 11680 [egg-mysql] instance[0] status OK, rds currentTime: Wed Apr 21 2021 20:28:38 GMT+0800 (中国标准时间)
2021-04-21 20:28:38,301 INFO 11680 [egg:core] dump config after ready, 13ms
2021-04-21 22:22:48,601 WARN 11680 [ClusterClient:Watcher] follower closed, and try to init it again
2021-04-21 23:41:14,479 INFO 16536 [egg:logger] init all loggers with options: {"dir":"F:\\workspace\\Linux\\abaabaaba\\service\\logs\\service","encoding":"utf8","env":"local","level":"INFO","consoleLevel":"INFO","disableConsoleAfterReady":false,"outputJSON":false,"buffer":true,"appLogName":"service-web.log","coreLogName":"egg-web.log","agentLogName":"egg-agent.log","errorLogName":"common-error.log","coreLogger":{"consoleLevel":"WARN"},"allowDebugAtProd":false,"type":"application"}
2021-04-21 23:41:14,520 INFO 16536 [egg-multipart] stream mode enable
2021-04-21 23:41:14,521 INFO 16536 [egg-mysql] connecting root@localhost:3306/react_blog
2021-04-21 23:41:15,315 INFO 16536 [egg-static] starting static serve /public/ -> F:\workspace\Linux\abaabaaba\service\app\public
2021-04-21 23:41:15,317 INFO 16536 [egg-security] use methodnoallow middleware
2021-04-21 23:41:15,318 INFO 16536 [egg-security] use noopen middleware
2021-04-21 23:41:15,318 INFO 16536 [egg-security] use nosniff middleware
2021-04-21 23:41:15,319 INFO 16536 [egg-security] use xssProtection middleware
2021-04-21 23:41:15,319 INFO 16536 [egg-security] use xframe middleware
2021-04-21 23:41:15,320 INFO 16536 [egg-security] use dta middleware
2021-04-21 23:41:15,320 INFO 16536 [egg-security] compose 6 middlewares into one security middleware
2021-04-21 23:41:15,373 INFO 16536 [egg:core] dump config after load, 7ms
2021-04-21 23:41:15,388 INFO 16536 [egg-watcher:application] watcher start success
2021-04-21 23:41:15,400 INFO 16536 [egg-mysql] instance[0] status OK, rds currentTime: Wed Apr 21 2021 23:41:15 GMT+0800 (中国标准时间)
2021-04-21 23:41:15,407 INFO 16536 [egg:core] dump config after ready, 5ms
2021-04-21 23:53:45,233 INFO 11700 [egg:logger] init all loggers with options: {"dir":"F:\\workspace\\Linux\\abaabaaba\\service\\logs\\service","encoding":"utf8","env":"local","level":"INFO","consoleLevel":"INFO","disableConsoleAfterReady":false,"outputJSON":false,"buffer":true,"appLogName":"service-web.log","coreLogName":"egg-web.log","agentLogName":"egg-agent.log","errorLogName":"common-error.log","coreLogger":{"consoleLevel":"WARN"},"allowDebugAtProd":false,"type":"application"}
2021-04-21 23:53:45,259 INFO 11700 [egg-multipart] stream mode enable
2021-04-21 23:53:45,259 INFO 11700 [egg-mysql] connecting root@localhost:3306/react_blog
2021-04-21 23:53:45,390 INFO 11700 [egg-static] starting static serve /public/ -> F:\workspace\Linux\abaabaaba\service\app\public
2021-04-21 23:53:45,391 INFO 11700 [egg-security] use methodnoallow middleware
2021-04-21 23:53:45,392 INFO 11700 [egg-security] use noopen middleware
2021-04-21 23:53:45,393 INFO 11700 [egg-security] use nosniff middleware
2021-04-21 23:53:45,393 INFO 11700 [egg-security] use xssProtection middleware
2021-04-21 23:53:45,394 INFO 11700 [egg-security] use xframe middleware
2021-04-21 23:53:45,394 INFO 11700 [egg-security] use dta middleware
2021-04-21 23:53:45,394 INFO 11700 [egg-security] compose 6 middlewares into one security middleware
2021-04-21 23:53:45,406 INFO 11700 [egg:core] dump config after load, 4ms
2021-04-21 23:53:45,422 INFO 11700 [egg-watcher:application] watcher start success
2021-04-21 23:53:45,428 INFO 11700 [egg-mysql] instance[0] status OK, rds currentTime: Wed Apr 21 2021 23:53:45 GMT+0800 (中国标准时间)
2021-04-21 23:53:45,436 INFO 11700 [egg:core] dump config after ready, 6ms
2021-04-22 00:31:46,571 INFO 12576 [egg:logger] init all loggers with options: {"dir":"F:\\workspace\\Linux\\abaabaaba\\service\\logs\\service","encoding":"utf8","env":"local","level":"INFO","consoleLevel":"INFO","disableConsoleAfterReady":false,"outputJSON":false,"buffer":true,"appLogName":"service-web.log","coreLogName":"egg-web.log","agentLogName":"egg-agent.log","errorLogName":"common-error.log","coreLogger":{"consoleLevel":"WARN"},"allowDebugAtProd":false,"type":"application"}
2021-04-22 00:31:46,596 INFO 12576 [egg-multipart] stream mode enable
2021-04-22 00:31:46,596 INFO 12576 [egg-mysql] connecting root@localhost:3306/react_blog
2021-04-22 00:31:46,721 INFO 12576 [egg-static] starting static serve /public/ -> F:\workspace\Linux\abaabaaba\service\app\public
2021-04-22 00:31:46,723 INFO 12576 [egg-security] use methodnoallow middleware
2021-04-22 00:31:46,724 INFO 12576 [egg-security] use noopen middleware
2021-04-22 00:31:46,725 INFO 12576 [egg-security] use nosniff middleware
2021-04-22 00:31:46,725 INFO 12576 [egg-security] use xssProtection middleware
2021-04-22 00:31:46,726 INFO 12576 [egg-security] use xframe middleware
2021-04-22 00:31:46,726 INFO 12576 [egg-security] use dta middleware
2021-04-22 00:31:46,726 INFO 12576 [egg-security] compose 6 middlewares into one security middleware
2021-04-22 00:31:46,736 INFO 12576 [egg:core] dump config after load, 4ms
2021-04-22 00:31:46,755 INFO 12576 [egg-watcher:application] watcher start success
2021-04-22 00:31:46,759 INFO 12576 [egg-mysql] instance[0] status OK, rds currentTime: Thu Apr 22 2021 00:31:46 GMT+0800 (中国标准时间)
2021-04-22 00:31:46,766 INFO 12576 [egg:core] dump config after ready, 5ms
2021-04-22 00:33:14,109 INFO 19024 [egg:logger] init all loggers with options: {"dir":"F:\\workspace\\Linux\\abaabaaba\\service\\logs\\service","encoding":"utf8","env":"local","level":"INFO","consoleLevel":"INFO","disableConsoleAfterReady":false,"outputJSON":false,"buffer":true,"appLogName":"service-web.log","coreLogName":"egg-web.log","agentLogName":"egg-agent.log","errorLogName":"common-error.log","coreLogger":{"consoleLevel":"WARN"},"allowDebugAtProd":false,"type":"application"}
2021-04-22 00:33:14,134 INFO 19024 [egg-multipart] stream mode enable
2021-04-22 00:33:14,135 INFO 19024 [egg-mysql] connecting root@localhost:3306/react_blog
2021-04-22 00:33:14,255 INFO 19024 [egg-static] starting static serve /public/ -> F:\workspace\Linux\abaabaaba\service\app\public
2021-04-22 00:33:14,258 INFO 19024 [egg-security] use methodnoallow middleware
2021-04-22 00:33:14,258 INFO 19024 [egg-security] use noopen middleware
2021-04-22 00:33:14,259 INFO 19024 [egg-security] use nosniff middleware
2021-04-22 00:33:14,259 INFO 19024 [egg-security] use xssProtection middleware
2021-04-22 00:33:14,259 INFO 19024 [egg-security] use xframe middleware
2021-04-22 00:33:14,260 INFO 19024 [egg-security] use dta middleware
2021-04-22 00:33:14,260 INFO 19024 [egg-security] compose 6 middlewares into one security middleware
2021-04-22 00:33:14,271 INFO 19024 [egg:core] dump config after load, 5ms
2021-04-22 00:33:14,286 INFO 19024 [egg-watcher:application] watcher start success
2021-04-22 00:33:14,292 INFO 19024 [egg-mysql] instance[0] status OK, rds currentTime: Thu Apr 22 2021 00:33:14 GMT+0800 (中国标准时间)
2021-04-22 00:33:14,299 INFO 19024 [egg:core] dump config after ready, 5ms
2021-04-22 01:05:17,216 INFO 21220 [egg:logger] init all loggers with options: {"dir":"F:\\workspace\\Linux\\abaabaaba\\service\\logs\\service","encoding":"utf8","env":"local","level":"INFO","consoleLevel":"INFO","disableConsoleAfterReady":false,"outputJSON":false,"buffer":true,"appLogName":"service-web.log","coreLogName":"egg-web.log","agentLogName":"egg-agent.log","errorLogName":"common-error.log","coreLogger":{"consoleLevel":"WARN"},"allowDebugAtProd":false,"type":"application"}
2021-04-22 01:05:17,241 INFO 21220 [egg-multipart] stream mode enable
2021-04-22 01:05:17,241 INFO 21220 [egg-mysql] connecting root@localhost:3306/react_blog
2021-04-22 01:05:17,361 INFO 21220 [egg-static] starting static serve /public/ -> F:\workspace\Linux\abaabaaba\service\app\public
2021-04-22 01:05:17,364 INFO 21220 [egg-security] use methodnoallow middleware
2021-04-22 01:05:17,364 INFO 21220 [egg-security] use noopen middleware
2021-04-22 01:05:17,365 INFO 21220 [egg-security] use nosniff middleware
2021-04-22 01:05:17,365 INFO 21220 [egg-security] use xssProtection middleware
2021-04-22 01:05:17,366 INFO 21220 [egg-security] use xframe middleware
2021-04-22 01:05:17,366 INFO 21220 [egg-security] use dta middleware
2021-04-22 01:05:17,366 INFO 21220 [egg-security] compose 6 middlewares into one security middleware
2021-04-22 01:05:17,378 INFO 21220 [egg:core] dump config after load, 5ms
2021-04-22 01:05:17,395 INFO 21220 [egg-watcher:application] watcher start success
2021-04-22 01:05:17,402 INFO 21220 [egg-mysql] instance[0] status OK, rds currentTime: Thu Apr 22 2021 01:05:17 GMT+0800 (中国标准时间)
2021-04-22 01:05:17,410 INFO 21220 [egg:core] dump config after ready, 6ms
2021-04-22 01:05:52,173 INFO 5356 [egg:logger] init all loggers with options: {"dir":"F:\\workspace\\Linux\\abaabaaba\\service\\logs\\service","encoding":"utf8","env":"local","level":"INFO","consoleLevel":"INFO","disableConsoleAfterReady":false,"outputJSON":false,"buffer":true,"appLogName":"service-web.log","coreLogName":"egg-web.log","agentLogName":"egg-agent.log","errorLogName":"common-error.log","coreLogger":{"consoleLevel":"WARN"},"allowDebugAtProd":false,"type":"application"}
2021-04-22 01:05:52,198 INFO 5356 [egg-multipart] stream mode enable
2021-04-22 01:05:52,199 INFO 5356 [egg-mysql] connecting root@localhost:3306/react_blog
2021-04-22 01:05:52,317 INFO 5356 [egg-static] starting static serve /public/ -> F:\workspace\Linux\abaabaaba\service\app\public
2021-04-22 01:05:52,319 INFO 5356 [egg-security] use methodnoallow middleware
2021-04-22 01:05:52,320 INFO 5356 [egg-security] use noopen middleware
2021-04-22 01:05:52,320 INFO 5356 [egg-security] use nosniff middleware
2021-04-22 01:05:52,321 INFO 5356 [egg-security] use xssProtection middleware
2021-04-22 01:05:52,321 INFO 5356 [egg-security] use xframe middleware
2021-04-22 01:05:52,322 INFO 5356 [egg-security] use dta middleware
2021-04-22 01:05:52,322 INFO 5356 [egg-security] compose 6 middlewares into one security middleware
2021-04-22 01:05:52,333 INFO 5356 [egg:core] dump config after load, 5ms
2021-04-22 01:05:52,352 INFO 5356 [egg-watcher:application] watcher start success
2021-04-22 01:05:52,355 INFO 5356 [egg-mysql] instance[0] status OK, rds currentTime: Thu Apr 22 2021 01:05:52 GMT+0800 (中国标准时间)
2021-04-22 01:05:52,362 INFO 5356 [egg:core] dump config after ready, 6ms
2021-04-22 01:20:49,816 INFO 16568 [egg:logger] init all loggers with options: {"dir":"F:\\workspace\\Linux\\abaabaaba\\service\\logs\\service","encoding":"utf8","env":"local","level":"INFO","consoleLevel":"INFO","disableConsoleAfterReady":false,"outputJSON":false,"buffer":true,"appLogName":"service-web.log","coreLogName":"egg-web.log","agentLogName":"egg-agent.log","errorLogName":"common-error.log","coreLogger":{"consoleLevel":"WARN"},"allowDebugAtProd":false,"type":"application"}
2021-04-22 01:20:49,849 INFO 16568 [egg-multipart] stream mode enable
2021-04-22 01:20:49,849 INFO 16568 [egg-mysql] connecting root@localhost:3306/react_blog
2021-04-22 01:20:49,993 INFO 16568 [egg-static] starting static serve /public/ -> F:\workspace\Linux\abaabaaba\service\app\public
2021-04-22 01:20:49,995 INFO 16568 [egg-security] use methodnoallow middleware
2021-04-22 01:20:49,996 INFO 16568 [egg-security] use noopen middleware
2021-04-22 01:20:49,996 INFO 16568 [egg-security] use nosniff middleware
2021-04-22 01:20:49,997 INFO 16568 [egg-security] use xssProtection middleware
2021-04-22 01:20:49,997 INFO 16568 [egg-security] use xframe middleware
2021-04-22 01:20:49,998 INFO 16568 [egg-security] use dta middleware
2021-04-22 01:20:49,998 INFO 16568 [egg-security] compose 6 middlewares into one security middleware
2021-04-22 01:20:50,009 INFO 16568 [egg:core] dump config after load, 5ms
2021-04-22 01:20:50,028 INFO 16568 [egg-watcher:application] watcher start success
2021-04-22 01:20:50,031 INFO 16568 [egg-mysql] instance[0] status OK, rds currentTime: Thu Apr 22 2021 01:20:50 GMT+0800 (中国标准时间)
2021-04-22 01:20:50,038 INFO 16568 [egg:core] dump config after ready, 5ms
2021-04-22 01:21:06,524 INFO 21024 [egg:logger] init all loggers with options: {"dir":"F:\\workspace\\Linux\\abaabaaba\\service\\logs\\service","encoding":"utf8","env":"local","level":"INFO","consoleLevel":"INFO","disableConsoleAfterReady":false,"outputJSON":false,"buffer":true,"appLogName":"service-web.log","coreLogName":"egg-web.log","agentLogName":"egg-agent.log","errorLogName":"common-error.log","coreLogger":{"consoleLevel":"WARN"},"allowDebugAtProd":false,"type":"application"}
2021-04-22 01:21:06,548 INFO 21024 [egg-multipart] stream mode enable
2021-04-22 01:21:06,549 INFO 21024 [egg-mysql] connecting root@localhost:3306/react_blog
2021-04-22 01:21:06,674 INFO 21024 [egg-static] starting static serve /public/ -> F:\workspace\Linux\abaabaaba\service\app\public
2021-04-22 01:21:06,676 INFO 21024 [egg-security] use methodnoallow middleware
2021-04-22 01:21:06,676 INFO 21024 [egg-security] use noopen middleware
2021-04-22 01:21:06,677 INFO 21024 [egg-security] use nosniff middleware
2021-04-22 01:21:06,677 INFO 21024 [egg-security] use xssProtection middleware
2021-04-22 01:21:06,678 INFO 21024 [egg-security] use xframe middleware
2021-04-22 01:21:06,678 INFO 21024 [egg-security] use dta middleware
2021-04-22 01:21:06,678 INFO 21024 [egg-security] compose 6 middlewares into one security middleware
2021-04-22 01:21:06,691 INFO 21024 [egg:core] dump config after load, 5ms
2021-04-22 01:21:06,709 INFO 21024 [egg-watcher:application] watcher start success
2021-04-22 01:21:06,712 INFO 21024 [egg-mysql] instance[0] status OK, rds currentTime: Thu Apr 22 2021 01:21:06 GMT+0800 (中国标准时间)
2021-04-22 01:21:06,720 INFO 21024 [egg:core] dump config after ready, 6ms
2021-04-22 01:21:08,350 INFO 16064 [egg:logger] init all loggers with options: {"dir":"F:\\workspace\\Linux\\abaabaaba\\service\\logs\\service","encoding":"utf8","env":"local","level":"INFO","consoleLevel":"INFO","disableConsoleAfterReady":false,"outputJSON":false,"buffer":true,"appLogName":"service-web.log","coreLogName":"egg-web.log","agentLogName":"egg-agent.log","errorLogName":"common-error.log","coreLogger":{"consoleLevel":"WARN"},"allowDebugAtProd":false,"type":"application"}
2021-04-22 01:21:08,381 INFO 16064 [egg-multipart] stream mode enable
2021-04-22 01:21:08,381 INFO 16064 [egg-mysql] connecting root@localhost:3306/react_blog
2021-04-22 01:21:08,514 INFO 16064 [egg-static] starting static serve /public/ -> F:\workspace\Linux\abaabaaba\service\app\public
2021-04-22 01:21:08,516 INFO 16064 [egg-security] use methodnoallow middleware
2021-04-22 01:21:08,516 INFO 16064 [egg-security] use noopen middleware
2021-04-22 01:21:08,517 INFO 16064 [egg-security] use nosniff middleware
2021-04-22 01:21:08,517 INFO 16064 [egg-security] use xssProtection middleware
2021-04-22 01:21:08,518 INFO 16064 [egg-security] use xframe middleware
2021-04-22 01:21:08,518 INFO 16064 [egg-security] use dta middleware
2021-04-22 01:21:08,518 INFO 16064 [egg-security] compose 6 middlewares into one security middleware
2021-04-22 01:21:08,534 INFO 16064 [egg:core] dump config after load, 7ms
2021-04-22 01:21:08,557 INFO 16064 [egg-watcher:application] watcher start success
2021-04-22 01:21:08,563 INFO 16064 [egg-mysql] instance[0] status OK, rds currentTime: Thu Apr 22 2021 01:21:08 GMT+0800 (中国标准时间)
2021-04-22 01:21:08,576 INFO 16064 [egg:core] dump config after ready, 11ms
2021-04-22 01:21:09,568 INFO 19044 [egg:logger] init all loggers with options: {"dir":"F:\\workspace\\Linux\\abaabaaba\\service\\logs\\service","encoding":"utf8","env":"local","level":"INFO","consoleLevel":"INFO","disableConsoleAfterReady":false,"outputJSON":false,"buffer":true,"appLogName":"service-web.log","coreLogName":"egg-web.log","agentLogName":"egg-agent.log","errorLogName":"common-error.log","coreLogger":{"consoleLevel":"WARN"},"allowDebugAtProd":false,"type":"application"}
2021-04-22 01:21:09,596 INFO 19044 [egg-multipart] stream mode enable
2021-04-22 01:21:09,597 INFO 19044 [egg-mysql] connecting root@localhost:3306/react_blog
2021-04-22 01:21:09,714 INFO 19044 [egg-static] starting static serve /public/ -> F:\workspace\Linux\abaabaaba\service\app\public
2021-04-22 01:21:09,716 INFO 19044 [egg-security] use methodnoallow middleware
2021-04-22 01:21:09,717 INFO 19044 [egg-security] use noopen middleware
2021-04-22 01:21:09,717 INFO 19044 [egg-security] use nosniff middleware
2021-04-22 01:21:09,718 INFO 19044 [egg-security] use xssProtection middleware
2021-04-22 01:21:09,718 INFO 19044 [egg-security] use xframe middleware
2021-04-22 01:21:09,718 INFO 19044 [egg-security] use dta middleware
2021-04-22 01:21:09,718 INFO 19044 [egg-security] compose 6 middlewares into one security middleware
2021-04-22 01:21:09,730 INFO 19044 [egg:core] dump config after load, 6ms
2021-04-22 01:21:09,747 INFO 19044 [egg-watcher:application] watcher start success
2021-04-22 01:21:09,750 INFO 19044 [egg-mysql] instance[0] status OK, rds currentTime: Thu Apr 22 2021 01:21:09 GMT+0800 (中国标准时间)
2021-04-22 01:21:09,757 INFO 19044 [egg:core] dump config after ready, 6ms
2021-04-22 01:21:14,068 INFO 5704 [egg:logger] init all loggers with options: {"dir":"F:\\workspace\\Linux\\abaabaaba\\service\\logs\\service","encoding":"utf8","env":"local","level":"INFO","consoleLevel":"INFO","disableConsoleAfterReady":false,"outputJSON":false,"buffer":true,"appLogName":"service-web.log","coreLogName":"egg-web.log","agentLogName":"egg-agent.log","errorLogName":"common-error.log","coreLogger":{"consoleLevel":"WARN"},"allowDebugAtProd":false,"type":"application"}
2021-04-22 01:21:14,103 INFO 5704 [egg-multipart] stream mode enable
2021-04-22 01:21:14,103 INFO 5704 [egg-mysql] connecting root@localhost:3306/react_blog
2021-04-22 01:21:14,255 INFO 5704 [egg-static] starting static serve /public/ -> F:\workspace\Linux\abaabaaba\service\app\public
2021-04-22 01:21:14,256 INFO 5704 [egg-security] use methodnoallow middleware
2021-04-22 01:21:14,257 INFO 5704 [egg-security] use noopen middleware
2021-04-22 01:21:14,259 INFO 5704 [egg-security] use nosniff middleware
2021-04-22 01:21:14,260 INFO 5704 [egg-security] use xssProtection middleware
2021-04-22 01:21:14,261 INFO 5704 [egg-security] use xframe middleware
2021-04-22 01:21:14,261 INFO 5704 [egg-security] use dta middleware
2021-04-22 01:21:14,261 INFO 5704 [egg-security] compose 6 middlewares into one security middleware
2021-04-22 01:21:14,273 INFO 5704 [egg:core] dump config after load, 5ms
2021-04-22 01:21:14,310 INFO 5704 [egg-watcher:application] watcher start success
2021-04-22 01:21:14,316 INFO 5704 [egg-mysql] instance[0] status OK, rds currentTime: Thu Apr 22 2021 01:21:14 GMT+0800 (中国标准时间)
2021-04-22 01:21:14,329 INFO 5704 [egg:core] dump config after ready, 10ms
2021-04-22 01:26:34,856 INFO 5180 [egg:logger] init all loggers with options: {"dir":"F:\\workspace\\Linux\\abaabaaba\\service\\logs\\service","encoding":"utf8","env":"local","level":"INFO","consoleLevel":"INFO","disableConsoleAfterReady":false,"outputJSON":false,"buffer":true,"appLogName":"service-web.log","coreLogName":"egg-web.log","agentLogName":"egg-agent.log","errorLogName":"common-error.log","coreLogger":{"consoleLevel":"WARN"},"allowDebugAtProd":false,"type":"application"}
2021-04-22 01:26:34,884 INFO 5180 [egg-multipart] stream mode enable
2021-04-22 01:26:34,884 INFO 5180 [egg-mysql] connecting root@localhost:3306/react_blog
2021-04-22 01:26:35,034 INFO 5180 [egg-static] starting static serve /public/ -> F:\workspace\Linux\abaabaaba\service\app\public
2021-04-22 01:26:35,037 INFO 5180 [egg-security] use methodnoallow middleware
2021-04-22 01:26:35,037 INFO 5180 [egg-security] use noopen middleware
2021-04-22 01:26:35,038 INFO 5180 [egg-security] use nosniff middleware
2021-04-22 01:26:35,038 INFO 5180 [egg-security] use xssProtection middleware
2021-04-22 01:26:35,039 INFO 5180 [egg-security] use xframe middleware
2021-04-22 01:26:35,039 INFO 5180 [egg-security] use dta middleware
2021-04-22 01:26:35,039 INFO 5180 [egg-security] compose 6 middlewares into one security middleware
2021-04-22 01:26:35,053 INFO 5180 [egg:core] dump config after load, 7ms
2021-04-22 01:26:35,072 INFO 5180 [egg-watcher:application] watcher start success
2021-04-22 01:26:35,078 INFO 5180 [egg-mysql] instance[0] status OK, rds currentTime: Thu Apr 22 2021 01:26:35 GMT+0800 (中国标准时间)
2021-04-22 01:26:35,086 INFO 5180 [egg:core] dump config after ready, 7ms
2021-04-22 01:27:07,510 INFO 6528 [egg:logger] init all loggers with options: {"dir":"F:\\workspace\\Linux\\abaabaaba\\service\\logs\\service","encoding":"utf8","env":"local","level":"INFO","consoleLevel":"INFO","disableConsoleAfterReady":false,"outputJSON":false,"buffer":true,"appLogName":"service-web.log","coreLogName":"egg-web.log","agentLogName":"egg-agent.log","errorLogName":"common-error.log","coreLogger":{"consoleLevel":"WARN"},"allowDebugAtProd":false,"type":"application"}
2021-04-22 01:27:07,543 INFO 6528 [egg-multipart] stream mode enable
2021-04-22 01:27:07,544 INFO 6528 [egg-mysql] connecting root@localhost:3306/react_blog
2021-04-22 01:27:07,690 INFO 6528 [egg-static] starting static serve /public/ -> F:\workspace\Linux\abaabaaba\service\app\public
2021-04-22 01:27:07,691 INFO 6528 [egg-security] use methodnoallow middleware
2021-04-22 01:27:07,692 INFO 6528 [egg-security] use noopen middleware
2021-04-22 01:27:07,693 INFO 6528 [egg-security] use nosniff middleware
2021-04-22 01:27:07,694 INFO 6528 [egg-security] use xssProtection middleware
2021-04-22 01:27:07,694 INFO 6528 [egg-security] use xframe middleware
2021-04-22 01:27:07,694 INFO 6528 [egg-security] use dta middleware
2021-04-22 01:27:07,694 INFO 6528 [egg-security] compose 6 middlewares into one security middleware
2021-04-22 01:27:07,709 INFO 6528 [egg:core] dump config after load, 5ms
2021-04-22 01:27:07,726 INFO 6528 [egg-watcher:application] watcher start success
2021-04-22 01:27:07,733 INFO 6528 [egg-mysql] instance[0] status OK, rds currentTime: Thu Apr 22 2021 01:27:07 GMT+0800 (中国标准时间)
2021-04-22 01:27:07,740 INFO 6528 [egg:core] dump config after ready, 5ms
2021-04-22 04:27:27,566 WARN 6528 [ClusterClient:Watcher] follower closed, and try to init it again
2021-04-22 10:53:46,502 WARN 6528 [ClusterClient:Watcher] follower closed, and try to init it again
2021-04-22 10:53:47,818 INFO 6528 [-/127.0.0.1/-/1ms SCHEDULE /__schedule?path=F:\workspace\Linux\abaabaaba\service\node_modules\egg-multipart\app\schedule\clean_tmpdir.js&type=worker&cron=0%2030%204%20*%20*%20*&immediate=false] [egg-multipart:CleanTmpdir] start clean tmpdir: "C:\\Users\\86188\\AppData\\Local\\Temp\\egg-multipart-tmp\\service"
2021-04-22 10:53:48,118 INFO 6528 [-/127.0.0.1/-/301ms SCHEDULE /__schedule?path=F:\workspace\Linux\abaabaaba\service\node_modules\egg-multipart\app\schedule\clean_tmpdir.js&type=worker&cron=0%2030%204%20*%20*%20*&immediate=false] [egg-multipart:CleanTmpdir] end
2021-04-22 12:02:01,961 INFO 364 [egg:logger] init all loggers with options: {"dir":"F:\\workspace\\Linux\\abaabaaba\\service\\logs\\service","encoding":"utf8","env":"local","level":"INFO","consoleLevel":"INFO","disableConsoleAfterReady":false,"outputJSON":false,"buffer":true,"appLogName":"service-web.log","coreLogName":"egg-web.log","agentLogName":"egg-agent.log","errorLogName":"common-error.log","coreLogger":{"consoleLevel":"WARN"},"allowDebugAtProd":false,"type":"application"}
2021-04-22 12:02:01,995 INFO 364 [egg-multipart] stream mode enable
2021-04-22 12:02:01,995 INFO 364 [egg-mysql] connecting root@localhost:3306/react_blog
2021-04-22 12:02:02,854 INFO 364 [egg-static] starting static serve /public/ -> F:\workspace\Linux\abaabaaba\service\app\public
2021-04-22 12:02:02,855 INFO 364 [egg-security] use methodnoallow middleware
2021-04-22 12:02:02,856 INFO 364 [egg-security] use noopen middleware
2021-04-22 12:02:02,857 INFO 364 [egg-security] use nosniff middleware
2021-04-22 12:02:02,857 INFO 364 [egg-security] use xssProtection middleware
2021-04-22 12:02:02,858 INFO 364 [egg-security] use xframe middleware
2021-04-22 12:02:02,858 INFO 364 [egg-security] use dta middleware
2021-04-22 12:02:02,858 INFO 364 [egg-security] compose 6 middlewares into one security middleware
2021-04-22 12:02:02,918 INFO 364 [egg:core] dump config after load, 4ms
2021-04-22 12:02:02,934 INFO 364 [egg-watcher:application] watcher start success
2021-04-22 12:02:02,944 INFO 364 [egg-mysql] instance[0] status OK, rds currentTime: Thu Apr 22 2021 12:02:02 GMT+0800 (中国标准时间)
2021-04-22 12:02:02,950 INFO 364 [egg:core] dump config after ready, 5ms
2021-04-22 12:02:46,533 INFO 18980 [egg:logger] init all loggers with options: {"dir":"F:\\workspace\\Linux\\abaabaaba\\service\\logs\\service","encoding":"utf8","env":"local","level":"INFO","consoleLevel":"INFO","disableConsoleAfterReady":false,"outputJSON":false,"buffer":true,"appLogName":"service-web.log","coreLogName":"egg-web.log","agentLogName":"egg-agent.log","errorLogName":"common-error.log","coreLogger":{"consoleLevel":"WARN"},"allowDebugAtProd":false,"type":"application"}
2021-04-22 12:02:46,566 INFO 18980 [egg-multipart] stream mode enable
2021-04-22 12:02:46,567 INFO 18980 [egg-mysql] connecting root@localhost:3306/react_blog
2021-04-22 12:02:46,693 INFO 18980 [egg-static] starting static serve /public/ -> F:\workspace\Linux\abaabaaba\service\app\public
2021-04-22 12:02:46,695 INFO 18980 [egg-security] use methodnoallow middleware
2021-04-22 12:02:46,696 INFO 18980 [egg-security] use noopen middleware
2021-04-22 12:02:46,696 INFO 18980 [egg-security] use nosniff middleware
2021-04-22 12:02:46,697 INFO 18980 [egg-security] use xssProtection middleware
2021-04-22 12:02:46,697 INFO 18980 [egg-security] use xframe middleware
2021-04-22 12:02:46,698 INFO 18980 [egg-security] use dta middleware
2021-04-22 12:02:46,698 INFO 18980 [egg-security] compose 6 middlewares into one security middleware
2021-04-22 12:02:46,709 INFO 18980 [egg:core] dump config after load, 5ms
2021-04-22 12:02:46,726 INFO 18980 [egg-watcher:application] watcher start success
2021-04-22 12:02:46,729 INFO 18980 [egg-mysql] instance[0] status OK, rds currentTime: Thu Apr 22 2021 12:02:46 GMT+0800 (中国标准时间)
2021-04-22 12:02:46,735 INFO 18980 [egg:core] dump config after ready, 5ms
2021-04-22 13:56:11,434 WARN 18980 [ClusterClient:Watcher] follower closed, and try to init it again
2021-04-22 16:09:00,092 INFO 492 [egg:logger] init all loggers with options: {"dir":"F:\\workspace\\Linux\\abaabaaba\\service\\logs\\service","encoding":"utf8","env":"local","level":"INFO","consoleLevel":"INFO","disableConsoleAfterReady":false,"outputJSON":false,"buffer":true,"appLogName":"service-web.log","coreLogName":"egg-web.log","agentLogName":"egg-agent.log","errorLogName":"common-error.log","coreLogger":{"consoleLevel":"WARN"},"allowDebugAtProd":false,"type":"application"}
2021-04-22 16:09:00,154 INFO 492 [egg-multipart] stream mode enable
2021-04-22 16:09:00,154 INFO 492 [egg-mysql] connecting root@localhost:3306/react_blog
2021-04-22 16:09:02,098 INFO 492 [egg-static] starting static serve /public/ -> F:\workspace\Linux\abaabaaba\service\app\public
2021-04-22 16:09:02,115 INFO 492 [egg-security] use methodnoallow middleware
2021-04-22 16:09:02,116 INFO 492 [egg-security] use noopen middleware
2021-04-22 16:09:02,117 INFO 492 [egg-security] use nosniff middleware
2021-04-22 16:09:02,117 INFO 492 [egg-security] use xssProtection middleware
2021-04-22 16:09:02,117 INFO 492 [egg-security] use xframe middleware
2021-04-22 16:09:02,118 INFO 492 [egg-security] use dta middleware
2021-04-22 16:09:02,118 INFO 492 [egg-security] compose 6 middlewares into one security middleware
2021-04-22 16:09:02,309 INFO 492 [egg:core] dump config after load, 110ms
2021-04-22 16:09:02,390 INFO 492 [egg-watcher:application] watcher start success
2021-04-22 16:09:02,657 INFO 492 [egg-mysql] instance[0] status OK, rds currentTime: Thu Apr 22 2021 16:09:02 GMT+0800 (中国标准时间)
2021-04-22 16:09:02,667 INFO 492 [egg:core] dump config after ready, 6ms
2021-04-22 17:59:53,074 INFO 12268 [egg:logger] init all loggers with options: {"dir":"F:\\workspace\\Linux\\abaabaaba\\service\\logs\\service","encoding":"utf8","env":"local","level":"INFO","consoleLevel":"INFO","disableConsoleAfterReady":false,"outputJSON":false,"buffer":true,"appLogName":"service-web.log","coreLogName":"egg-web.log","agentLogName":"egg-agent.log","errorLogName":"common-error.log","coreLogger":{"consoleLevel":"WARN"},"allowDebugAtProd":false,"type":"application"}
2021-04-22 17:59:53,228 INFO 12268 [egg-multipart] stream mode enable
2021-04-22 17:59:53,229 INFO 12268 [egg-mysql] connecting root@localhost:3306/react_blog
2021-04-22 17:59:55,743 INFO 12268 [egg-static] starting static serve /public/ -> F:\workspace\Linux\abaabaaba\service\app\public
2021-04-22 17:59:55,746 INFO 12268 [egg-security] use methodnoallow middleware
2021-04-22 17:59:55,747 INFO 12268 [egg-security] use noopen middleware
2021-04-22 17:59:55,748 INFO 12268 [egg-security] use nosniff middleware
2021-04-22 17:59:55,748 INFO 12268 [egg-security] use xssProtection middleware
2021-04-22 17:59:55,749 INFO 12268 [egg-security] use xframe middleware
2021-04-22 17:59:55,750 INFO 12268 [egg-security] use dta middleware
2021-04-22 17:59:55,750 INFO 12268 [egg-security] compose 6 middlewares into one security middleware
2021-04-22 17:59:55,816 INFO 12268 [egg:core] dump config after load, 59ms
2021-04-22 17:59:55,847 INFO 12268 [egg-watcher:application] watcher start success
2021-04-22 17:59:55,854 INFO 12268 [egg-mysql] instance[0] status OK, rds currentTime: Thu Apr 22 2021 17:59:55 GMT+0800 (中国标准时间)
2021-04-22 17:59:55,861 INFO 12268 [egg:core] dump config after ready, 6ms
2021-04-22 18:09:15,881 INFO 12716 [egg:logger] init all loggers with options: {"dir":"F:\\workspace\\Linux\\abaabaaba\\service\\logs\\service","encoding":"utf8","env":"local","level":"INFO","consoleLevel":"INFO","disableConsoleAfterReady":false,"outputJSON":false,"buffer":true,"appLogName":"service-web.log","coreLogName":"egg-web.log","agentLogName":"egg-agent.log","errorLogName":"common-error.log","coreLogger":{"consoleLevel":"WARN"},"allowDebugAtProd":false,"type":"application"}
2021-04-22 18:09:16,060 INFO 12716 [egg-multipart] stream mode enable
2021-04-22 18:09:16,061 INFO 12716 [egg-mysql] connecting root@localhost:3306/react_blog
2021-04-22 18:09:20,323 INFO 12716 [egg-static] starting static serve /public/ -> F:\workspace\Linux\abaabaaba\service\app\public
2021-04-22 18:09:20,368 INFO 12716 [egg-security] use methodnoallow middleware
2021-04-22 18:09:20,369 INFO 12716 [egg-security] use noopen middleware
2021-04-22 18:09:20,370 INFO 12716 [egg-security] use nosniff middleware
2021-04-22 18:09:20,370 INFO 12716 [egg-security] use xssProtection middleware
2021-04-22 18:09:20,371 INFO 12716 [egg-security] use xframe middleware
2021-04-22 18:09:20,371 INFO 12716 [egg-security] use dta middleware
2021-04-22 18:09:20,372 INFO 12716 [egg-security] compose 6 middlewares into one security middleware
2021-04-22 18:09:20,546 INFO 12716 [egg:core] dump config after load, 56ms
2021-04-22 18:09:20,588 INFO 12716 [egg-watcher:application] watcher start success
2021-04-22 18:09:20,598 INFO 12716 [egg-mysql] instance[0] status OK, rds currentTime: Thu Apr 22 2021 18:09:20 GMT+0800 (中国标准时间)
2021-04-22 18:09:20,643 INFO 12716 [egg:core] dump config after ready, 42ms
2021-04-22 18:09:32,693 INFO 11212 [egg:logger] init all loggers with options: {"dir":"F:\\workspace\\Linux\\abaabaaba\\service\\logs\\service","encoding":"utf8","env":"local","level":"INFO","consoleLevel":"INFO","disableConsoleAfterReady":false,"outputJSON":false,"buffer":true,"appLogName":"service-web.log","coreLogName":"egg-web.log","agentLogName":"egg-agent.log","errorLogName":"common-error.log","coreLogger":{"consoleLevel":"WARN"},"allowDebugAtProd":false,"type":"application"}
2021-04-22 18:09:32,732 INFO 11212 [egg-multipart] stream mode enable
2021-04-22 18:09:32,732 INFO 11212 [egg-mysql] connecting root@localhost:3306/react_blog
2021-04-22 18:09:32,933 INFO 11212 [egg-static] starting static serve /public/ -> F:\workspace\Linux\abaabaaba\service\app\public
2021-04-22 18:09:32,936 INFO 11212 [egg-security] use methodnoallow middleware
2021-04-22 18:09:32,937 INFO 11212 [egg-security] use noopen middleware
2021-04-22 18:09:32,938 INFO 11212 [egg-security] use nosniff middleware
2021-04-22 18:09:32,939 INFO 11212 [egg-security] use xssProtection middleware
2021-04-22 18:09:32,939 INFO 11212 [egg-security] use xframe middleware
2021-04-22 18:09:32,940 INFO 11212 [egg-security] use dta middleware
2021-04-22 18:09:32,940 INFO 11212 [egg-security] compose 6 middlewares into one security middleware
2021-04-22 18:09:32,957 INFO 11212 [egg:core] dump config after load, 7ms
2021-04-22 18:09:32,981 INFO 11212 [egg-watcher:application] watcher start success
2021-04-22 18:09:32,986 INFO 11212 [egg-mysql] instance[0] status OK, rds currentTime: Thu Apr 22 2021 18:09:32 GMT+0800 (中国标准时间)
2021-04-22 18:09:32,997 INFO 11212 [egg:core] dump config after ready, 9ms
2021-04-22 18:14:13,840 INFO 4228 [egg:logger] init all loggers with options: {"dir":"F:\\workspace\\Linux\\abaabaaba\\service\\logs\\service","encoding":"utf8","env":"local","level":"INFO","consoleLevel":"INFO","disableConsoleAfterReady":false,"outputJSON":false,"buffer":true,"appLogName":"service-web.log","coreLogName":"egg-web.log","agentLogName":"egg-agent.log","errorLogName":"common-error.log","coreLogger":{"consoleLevel":"WARN"},"allowDebugAtProd":false,"type":"application"}
2021-04-22 18:14:13,893 INFO 4228 [egg-multipart] stream mode enable
2021-04-22 18:14:13,894 INFO 4228 [egg-mysql] connecting root@localhost:3306/react_blog
2021-04-22 18:14:14,138 INFO 4228 [egg-static] starting static serve /public/ -> F:\workspace\Linux\abaabaaba\service\app\public
2021-04-22 18:14:14,141 INFO 4228 [egg-security] use methodnoallow middleware
2021-04-22 18:14:14,142 INFO 4228 [egg-security] use noopen middleware
2021-04-22 18:14:14,143 INFO 4228 [egg-security] use nosniff middleware
2021-04-22 18:14:14,143 INFO 4228 [egg-security] use xssProtection middleware
2021-04-22 18:14:14,144 INFO 4228 [egg-security] use xframe middleware
2021-04-22 18:14:14,144 INFO 4228 [egg-security] use dta middleware
2021-04-22 18:14:14,144 INFO 4228 [egg-security] compose 6 middlewares into one security middleware
2021-04-22 18:14:14,166 INFO 4228 [egg:core] dump config after load, 9ms
2021-04-22 18:14:14,207 INFO 4228 [egg-watcher:application] watcher start success
2021-04-22 18:14:14,212 INFO 4228 [egg-mysql] instance[0] status OK, rds currentTime: Thu Apr 22 2021 18:14:14 GMT+0800 (中国标准时间)
2021-04-22 18:14:14,269 INFO 4228 [egg:core] dump config after ready, 55ms
2021-04-22 18:33:05,224 INFO 4772 [egg:logger] init all loggers with options: {"dir":"F:\\workspace\\Linux\\abaabaaba\\service\\logs\\service","encoding":"utf8","env":"local","level":"INFO","consoleLevel":"INFO","disableConsoleAfterReady":false,"outputJSON":false,"buffer":true,"appLogName":"service-web.log","coreLogName":"egg-web.log","agentLogName":"egg-agent.log","errorLogName":"common-error.log","coreLogger":{"consoleLevel":"WARN"},"allowDebugAtProd":false,"type":"application"}
2021-04-22 18:33:05,270 INFO 4772 [egg-multipart] stream mode enable
2021-04-22 18:33:05,271 INFO 4772 [egg-mysql] connecting root@localhost:3306/react_blog
2021-04-22 18:33:05,447 INFO 4772 [egg-static] starting static serve /public/ -> F:\workspace\Linux\abaabaaba\service\app\public
2021-04-22 18:33:05,449 INFO 4772 [egg-security] use methodnoallow middleware
2021-04-22 18:33:05,450 INFO 4772 [egg-security] use noopen middleware
2021-04-22 18:33:05,451 INFO 4772 [egg-security] use nosniff middleware
2021-04-22 18:33:05,451 INFO 4772 [egg-security] use xssProtection middleware
2021-04-22 18:33:05,452 INFO 4772 [egg-security] use xframe middleware
2021-04-22 18:33:05,452 INFO 4772 [egg-security] use dta middleware
2021-04-22 18:33:05,452 INFO 4772 [egg-security] compose 6 middlewares into one security middleware
2021-04-22 18:33:05,706 INFO 4772 [egg:core] dump config after load, 243ms
2021-04-22 18:33:05,761 INFO 4772 [egg-watcher:application] watcher start success
2021-04-22 18:33:05,771 INFO 4772 [egg-mysql] instance[0] status OK, rds currentTime: Thu Apr 22 2021 18:33:05 GMT+0800 (中国标准时间)
2021-04-22 18:33:05,782 INFO 4772 [egg:core] dump config after ready, 9ms
2021-04-22 18:34:03,594 INFO 11508 [egg:logger] init all loggers with options: {"dir":"F:\\workspace\\Linux\\abaabaaba\\service\\logs\\service","encoding":"utf8","env":"local","level":"INFO","consoleLevel":"INFO","disableConsoleAfterReady":false,"outputJSON":false,"buffer":true,"appLogName":"service-web.log","coreLogName":"egg-web.log","agentLogName":"egg-agent.log","errorLogName":"common-error.log","coreLogger":{"consoleLevel":"WARN"},"allowDebugAtProd":false,"type":"application"}
2021-04-22 18:34:03,626 INFO 11508 [egg-multipart] stream mode enable
2021-04-22 18:34:03,626 INFO 11508 [egg-mysql] connecting root@localhost:3306/react_blog
2021-04-22 18:34:03,790 INFO 11508 [egg-static] starting static serve /public/ -> F:\workspace\Linux\abaabaaba\service\app\public
2021-04-22 18:34:03,793 INFO 11508 [egg-security] use methodnoallow middleware
2021-04-22 18:34:03,793 INFO 11508 [egg-security] use noopen middleware
2021-04-22 18:34:03,794 INFO 11508 [egg-security] use nosniff middleware
2021-04-22 18:34:03,794 INFO 11508 [egg-security] use xssProtection middleware
2021-04-22 18:34:03,795 INFO 11508 [egg-security] use xframe middleware
2021-04-22 18:34:03,795 INFO 11508 [egg-security] use dta middleware
2021-04-22 18:34:03,795 INFO 11508 [egg-security] compose 6 middlewares into one security middleware
2021-04-22 18:34:03,811 INFO 11508 [egg:core] dump config after load, 5ms
2021-04-22 18:34:03,830 INFO 11508 [egg-watcher:application] watcher start success
2021-04-22 18:34:03,841 INFO 11508 [egg-mysql] instance[0] status OK, rds currentTime: Thu Apr 22 2021 18:34:03 GMT+0800 (中国标准时间)
2021-04-22 18:34:04,508 INFO 11508 [egg:core] dump config after ready, 665ms
2021-04-22 18:34:07,581 INFO 21496 [egg:logger] init all loggers with options: {"dir":"F:\\workspace\\Linux\\abaabaaba\\service\\logs\\service","encoding":"utf8","env":"local","level":"INFO","consoleLevel":"INFO","disableConsoleAfterReady":false,"outputJSON":false,"buffer":true,"appLogName":"service-web.log","coreLogName":"egg-web.log","agentLogName":"egg-agent.log","errorLogName":"common-error.log","coreLogger":{"consoleLevel":"WARN"},"allowDebugAtProd":false,"type":"application"}
2021-04-22 18:34:07,620 INFO 21496 [egg-multipart] stream mode enable
2021-04-22 18:34:07,621 INFO 21496 [egg-mysql] connecting root@localhost:3306/react_blog
2021-04-22 18:34:07,833 INFO 21496 [egg-static] starting static serve /public/ -> F:\workspace\Linux\abaabaaba\service\app\public
2021-04-22 18:34:07,838 INFO 21496 [egg-security] use methodnoallow middleware
2021-04-22 18:34:07,839 INFO 21496 [egg-security] use noopen middleware
2021-04-22 18:34:07,840 INFO 21496 [egg-security] use nosniff middleware
2021-04-22 18:34:07,840 INFO 21496 [egg-security] use xssProtection middleware
2021-04-22 18:34:07,841 INFO 21496 [egg-security] use xframe middleware
2021-04-22 18:34:07,841 INFO 21496 [egg-security] use dta middleware
2021-04-22 18:34:07,841 INFO 21496 [egg-security] compose 6 middlewares into one security middleware
2021-04-22 18:34:07,856 INFO 21496 [egg:core] dump config after load, 8ms
2021-04-22 18:34:07,875 INFO 21496 [egg-watcher:application] watcher start success
2021-04-22 18:34:07,882 INFO 21496 [egg-mysql] instance[0] status OK, rds currentTime: Thu Apr 22 2021 18:34:07 GMT+0800 (中国标准时间)
2021-04-22 18:34:07,892 INFO 21496 [egg:core] dump config after ready, 9ms
2021-04-22 18:34:26,771 INFO 8616 [egg:logger] init all loggers with options: {"dir":"F:\\workspace\\Linux\\abaabaaba\\service\\logs\\service","encoding":"utf8","env":"local","level":"INFO","consoleLevel":"INFO","disableConsoleAfterReady":false,"outputJSON":false,"buffer":true,"appLogName":"service-web.log","coreLogName":"egg-web.log","agentLogName":"egg-agent.log","errorLogName":"common-error.log","coreLogger":{"consoleLevel":"WARN"},"allowDebugAtProd":false,"type":"application"}
2021-04-22 18:34:26,802 INFO 8616 [egg-multipart] stream mode enable
2021-04-22 18:34:26,803 INFO 8616 [egg-mysql] connecting root@localhost:3306/react_blog
2021-04-22 18:34:26,970 INFO 8616 [egg-static] starting static serve /public/ -> F:\workspace\Linux\abaabaaba\service\app\public
2021-04-22 18:34:26,972 INFO 8616 [egg-security] use methodnoallow middleware
2021-04-22 18:34:26,973 INFO 8616 [egg-security] use noopen middleware
2021-04-22 18:34:26,974 INFO 8616 [egg-security] use nosniff middleware
2021-04-22 18:34:26,974 INFO 8616 [egg-security] use xssProtection middleware
2021-04-22 18:34:26,975 INFO 8616 [egg-security] use xframe middleware
2021-04-22 18:34:26,975 INFO 8616 [egg-security] use dta middleware
2021-04-22 18:34:26,975 INFO 8616 [egg-security] compose 6 middlewares into one security middleware
2021-04-22 18:34:26,996 INFO 8616 [egg:core] dump config after load, 11ms
2021-04-22 18:34:27,034 INFO 8616 [egg-watcher:application] watcher start success
2021-04-22 18:34:27,040 INFO 8616 [egg-mysql] instance[0] status OK, rds currentTime: Thu Apr 22 2021 18:34:27 GMT+0800 (中国标准时间)
2021-04-22 18:34:27,352 INFO 8616 [egg:core] dump config after ready, 309ms
2021-04-22 18:34:46,573 INFO 19576 [egg:logger] init all loggers with options: {"dir":"F:\\workspace\\Linux\\abaabaaba\\service\\logs\\service","encoding":"utf8","env":"local","level":"INFO","consoleLevel":"INFO","disableConsoleAfterReady":false,"outputJSON":false,"buffer":true,"appLogName":"service-web.log","coreLogName":"egg-web.log","agentLogName":"egg-agent.log","errorLogName":"common-error.log","coreLogger":{"consoleLevel":"WARN"},"allowDebugAtProd":false,"type":"application"}
2021-04-22 18:34:46,602 INFO 19576 [egg-multipart] stream mode enable
2021-04-22 18:34:46,603 INFO 19576 [egg-mysql] connecting root@localhost:3306/react_blog
2021-04-22 18:34:46,728 INFO 19576 [egg-static] starting static serve /public/ -> F:\workspace\Linux\abaabaaba\service\app\public
2021-04-22 18:34:46,730 INFO 19576 [egg-security] use methodnoallow middleware
2021-04-22 18:34:46,730 INFO 19576 [egg-security] use noopen middleware
2021-04-22 18:34:46,731 INFO 19576 [egg-security] use nosniff middleware
2021-04-22 18:34:46,731 INFO 19576 [egg-security] use xssProtection middleware
2021-04-22 18:34:46,732 INFO 19576 [egg-security] use xframe middleware
2021-04-22 18:34:46,732 INFO 19576 [egg-security] use dta middleware
2021-04-22 18:34:46,732 INFO 19576 [egg-security] compose 6 middlewares into one security middleware
2021-04-22 18:34:46,744 INFO 19576 [egg:core] dump config after load, 5ms
2021-04-22 18:34:46,761 INFO 19576 [egg-watcher:application] watcher start success
2021-04-22 18:34:46,768 INFO 19576 [egg-mysql] instance[0] status OK, rds currentTime: Thu Apr 22 2021 18:34:46 GMT+0800 (中国标准时间)
2021-04-22 18:34:46,776 INFO 19576 [egg:core] dump config after ready, 6ms
2021-04-22 18:34:48,474 INFO 13568 [egg:logger] init all loggers with options: {"dir":"F:\\workspace\\Linux\\abaabaaba\\service\\logs\\service","encoding":"utf8","env":"local","level":"INFO","consoleLevel":"INFO","disableConsoleAfterReady":false,"outputJSON":false,"buffer":true,"appLogName":"service-web.log","coreLogName":"egg-web.log","agentLogName":"egg-agent.log","errorLogName":"common-error.log","coreLogger":{"consoleLevel":"WARN"},"allowDebugAtProd":false,"type":"application"}
2021-04-22 18:34:48,508 INFO 13568 [egg-multipart] stream mode enable
2021-04-22 18:34:48,509 INFO 13568 [egg-mysql] connecting root@localhost:3306/react_blog
2021-04-22 18:34:48,664 INFO 13568 [egg-static] starting static serve /public/ -> F:\workspace\Linux\abaabaaba\service\app\public
2021-04-22 18:34:48,667 INFO 13568 [egg-security] use methodnoallow middleware
2021-04-22 18:34:48,667 INFO 13568 [egg-security] use noopen middleware
2021-04-22 18:34:48,668 INFO 13568 [egg-security] use nosniff middleware
2021-04-22 18:34:48,668 INFO 13568 [egg-security] use xssProtection middleware
2021-04-22 18:34:48,669 INFO 13568 [egg-security] use xframe middleware
2021-04-22 18:34:48,669 INFO 13568 [egg-security] use dta middleware
2021-04-22 18:34:48,669 INFO 13568 [egg-security] compose 6 middlewares into one security middleware
2021-04-22 18:34:48,685 INFO 13568 [egg:core] dump config after load, 6ms
2021-04-22 18:34:48,708 INFO 13568 [egg-watcher:application] watcher start success
2021-04-22 18:34:48,712 INFO 13568 [egg-mysql] instance[0] status OK, rds currentTime: Thu Apr 22 2021 18:34:48 GMT+0800 (中国标准时间)
2021-04-22 18:34:48,720 INFO 13568 [egg:core] dump config after ready, 6ms
